[2022-08-15 01:04:10:80264978] [32m[restartedMain][0;39m [34mINFO [0;39m [1;37m[org.springframework.boot.StartupInfoLogger.logStarting:[33m55[0;39m][0;39m - Starting httpTestApplication using Java 11.0.11 on juwonui-MacBookPro-2.local with PID 44767 (/Users/juwon/IdeaProjects/teamMVP/out/production/classes started by juwon in /Users/juwon/IdeaProjects/teamMVP)
[2022-08-15 01:04:10:80264985] [32m[restartedMain][0;39m [34mINFO [0;39m [1;37m[org.springframework.boot.SpringApplication.logStartupProfileInfo:[33m640[0;39m][0;39m - The following 2 profiles are active: "secure", "prod"
[2022-08-15 01:04:11:80265450] [32m[restartedMain][0;39m [34mINFO [0;39m [1;37m[org.springframework.data.repository.config.RepositoryConfigurationDelegate.registerRepositoriesIn:[33m132[0;39m][0;39m - Bootstrapping Spring Data JPA repositories in DEFAULT mode.
[2022-08-15 01:04:11:80265466] [32m[restartedMain][0;39m [34mINFO [0;39m [1;37m[org.springframework.data.repository.config.RepositoryConfigurationDelegate.registerRepositoriesIn:[33m201[0;39m][0;39m - Finished Spring Data repository scanning in 11 ms. Found 0 JPA repository interfaces.
[2022-08-15 01:04:11:80265721] [32m[restartedMain][0;39m [34mINFO [0;39m [1;37m[org.springframework.boot.web.embedded.tomcat.TomcatWebServer.initialize:[33m108[0;39m][0;39m - Tomcat initialized with port(s): 8080 (http)
[2022-08-15 01:04:11:80265726] [32m[restartedMain][0;39m [34mINFO [0;39m [1;37m[org.apache.juli.logging.DirectJDKLog.log:[33m173[0;39m][0;39m - Initializing ProtocolHandler ["http-nio-8080"]
[2022-08-15 01:04:11:80265726] [32m[restartedMain][0;39m [34mINFO [0;39m [1;37m[org.apache.juli.logging.DirectJDKLog.log:[33m173[0;39m][0;39m - Starting service [Tomcat]
[2022-08-15 01:04:11:80265727] [32m[restartedMain][0;39m [34mINFO [0;39m [1;37m[org.apache.juli.logging.DirectJDKLog.log:[33m173[0;39m][0;39m - Starting Servlet engine: [Apache Tomcat/9.0.64]
[2022-08-15 01:04:11:80265742] [32m[restartedMain][0;39m [34mINFO [0;39m [1;37m[org.apache.juli.logging.DirectJDKLog.log:[33m173[0;39m][0;39m - Initializing Spring embedded WebApplicationContext
[2022-08-15 01:04:11:80265742] [32m[restartedMain][0;39m [34mINFO [0;39m [1;37m[org.springframework.boot.web.servlet.context.ServletWebServerApplicationContext.prepareWebApplicationContext:[33m292[0;39m][0;39m - Root WebApplicationContext: initialization completed in 741 ms
[2022-08-15 01:04:11:80265794] [32m[restartedMain][0;39m [34mINFO [0;39m [1;37m[com.zaxxer.hikari.HikariDataSource.getConnection:[33m110[0;39m][0;39m - HikariPool-8 - Starting...
[2022-08-15 01:04:11:80265833] [32m[restartedMain][0;39m [34mINFO [0;39m [1;37m[com.zaxxer.hikari.HikariDataSource.getConnection:[33m123[0;39m][0;39m - HikariPool-8 - Start completed.
[2022-08-15 01:04:11:80265833] [32m[restartedMain][0;39m [34mINFO [0;39m [1;37m[org.springframework.boot.autoconfigure.h2.H2ConsoleAutoConfiguration.logDataSources:[33m87[0;39m][0;39m - H2 console available at '/h2-console'. Database available at 'jdbc:h2:mem:36de9008-3508-4b30-8396-e478ca32b844'
[2022-08-15 01:04:11:80265874] [32m[restartedMain][0;39m [34mINFO [0;39m [1;37m[org.hibernate.jpa.internal.util.LogHelper.logPersistenceUnitInformation:[33m31[0;39m][0;39m - HHH000204: Processing PersistenceUnitInfo [name: default]
[2022-08-15 01:04:11:80265883] [32m[restartedMain][0;39m [34mINFO [0;39m [1;37m[org.hibernate.dialect.Dialect.<init>:[33m175[0;39m][0;39m - HHH000400: Using dialect: org.hibernate.dialect.H2Dialect
[2022-08-15 01:04:11:80266200] [32m[restartedMain][0;39m [34mINFO [0;39m [1;37m[com.p6spy.engine.spy.appender.Slf4JLogger.logSQL:[33m60[0;39m][0;39m - #1660493051900 | took 4ms | statement | connection 37| url jdbc:h2:mem:36de9008-3508-4b30-8396-e478ca32b844
drop table if exists member CASCADE 
drop table if exists member CASCADE ;
[2022-08-15 01:04:11:80266204] [32m[restartedMain][0;39m [34mINFO [0;39m [1;37m[com.p6spy.engine.spy.appender.Slf4JLogger.logSQL:[33m60[0;39m][0;39m - #1660493051904 | took 0ms | statement | connection 37| url jdbc:h2:mem:36de9008-3508-4b30-8396-e478ca32b844
drop sequence if exists hibernate_sequence
drop sequence if exists hibernate_sequence;
[2022-08-15 01:04:11:80266209] [32m[restartedMain][0;39m [34mINFO [0;39m [1;37m[com.p6spy.engine.spy.appender.Slf4JLogger.logSQL:[33m60[0;39m][0;39m - #1660493051909 | took 4ms | statement | connection 38| url jdbc:h2:mem:36de9008-3508-4b30-8396-e478ca32b844
create sequence hibernate_sequence start with 1 increment by 1
create sequence hibernate_sequence start with 1 increment by 1;
[2022-08-15 01:04:11:80266211] [32m[restartedMain][0;39m [34mINFO [0;39m [1;37m[com.p6spy.engine.spy.appender.Slf4JLogger.logSQL:[33m60[0;39m][0;39m - #1660493051911 | took 1ms | statement | connection 38| url jdbc:h2:mem:36de9008-3508-4b30-8396-e478ca32b844
create table member (id bigint not null, address varchar(255), disabled_number varchar(255), email varchar(255), password varchar(255), phone_number varchar(255), user_id varchar(255), user_name varchar(255), primary key (id))
create table member (id bigint not null, address varchar(255), disabled_number varchar(255), email varchar(255), password varchar(255), phone_number varchar(255), user_id varchar(255), user_name varchar(255), primary key (id));
[2022-08-15 01:04:11:80266215] [32m[restartedMain][0;39m [34mINFO [0;39m [1;37m[org.hibernate.engine.transaction.jta.platform.internal.JtaPlatformInitiator.initiateService:[33m52[0;39m][0;39m - HHH000490: Using JtaPlatform implementation: [org.hibernate.engine.transaction.jta.platform.internal.NoJtaPlatform]
[2022-08-15 01:04:11:80266216] [32m[restartedMain][0;39m [34mINFO [0;39m [1;37m[org.springframework.orm.jpa.AbstractEntityManagerFactoryBean.buildNativeEntityManagerFactory:[33m437[0;39m][0;39m - Initialized JPA EntityManagerFactory for persistence unit 'default'
[2022-08-15 01:04:12:80267294] [32m[restartedMain][0;39m [34mINFO [0;39m [1;37m[org.springframework.boot.devtools.autoconfigure.OptionalLiveReloadServer.startServer:[33m58[0;39m][0;39m - LiveReload server is running on port 35729
[2022-08-15 01:04:13:80267317] [32m[restartedMain][0;39m [34mINFO [0;39m [1;37m[org.apache.juli.logging.DirectJDKLog.log:[33m173[0;39m][0;39m - Starting ProtocolHandler ["http-nio-8080"]
[2022-08-15 01:04:13:80267324] [32m[restartedMain][0;39m [34mINFO [0;39m [1;37m[org.springframework.boot.web.embedded.tomcat.TomcatWebServer.start:[33m220[0;39m][0;39m - Tomcat started on port(s): 8080 (http) with context path ''
[2022-08-15 01:04:13:80267392] [32m[restartedMain][0;39m [34mINFO [0;39m [1;37m[org.springframework.boot.StartupInfoLogger.logStarted:[33m61[0;39m][0;39m - Started httpTestApplication in 2.802 seconds (JVM running for 78829.572)
[2022-08-15 01:04:13:80267398] [32m[restartedMain][0;39m [34mINFO [0;39m [1;37m[org.springframework.boot.devtools.autoconfigure.ConditionEvaluationDeltaLoggingListener.onApplicationEvent:[33m63[0;39m][0;39m - Condition evaluation unchanged
[2022-08-15 01:54:14:83268565] [32m[Thread-30][0;39m [34mINFO [0;39m [1;37m[org.springframework.orm.jpa.AbstractEntityManagerFactoryBean.destroy:[33m651[0;39m][0;39m - Closing JPA EntityManagerFactory for persistence unit 'default'
[2022-08-15 01:54:14:83268819] [32m[Thread-30][0;39m [34mINFO [0;39m [1;37m[com.p6spy.engine.spy.appender.Slf4JLogger.logSQL:[33m60[0;39m][0;39m - 22.08.15 01:54:14 | OperationTime : 208ms|
HeFormatSql(P6Spy sql,Hibernate format):
    SHUTDOWN
[2022-08-15 01:54:14:83268823] [32m[Thread-30][0;39m [34mINFO [0;39m [1;37m[com.zaxxer.hikari.HikariDataSource.close:[33m350[0;39m][0;39m - HikariPool-8 - Shutdown initiated...
[2022-08-15 01:54:14:83268830] [32m[Thread-30][0;39m [34mINFO [0;39m [1;37m[com.zaxxer.hikari.HikariDataSource.close:[33m352[0;39m][0;39m - HikariPool-8 - Shutdown completed.
[2022-08-15 01:54:14:83269283] [32m[restartedMain][0;39m [34mINFO [0;39m [1;37m[org.springframework.boot.StartupInfoLogger.logStarting:[33m55[0;39m][0;39m - Starting httpTestApplication using Java 11.0.11 on juwonui-MacBookPro-2.local with PID 44767 (/Users/juwon/IdeaProjects/teamMVP/out/production/classes started by juwon in /Users/juwon/IdeaProjects/teamMVP)
[2022-08-15 01:54:14:83269287] [32m[restartedMain][0;39m [34mINFO [0;39m [1;37m[org.springframework.boot.SpringApplication.logStartupProfileInfo:[33m640[0;39m][0;39m - The following 2 profiles are active: "secure", "prod"
[2022-08-15 01:54:15:83269646] [32m[restartedMain][0;39m [34mINFO [0;39m [1;37m[org.springframework.data.repository.config.RepositoryConfigurationDelegate.registerRepositoriesIn:[33m132[0;39m][0;39m - Bootstrapping Spring Data JPA repositories in DEFAULT mode.
[2022-08-15 01:54:15:83269669] [32m[restartedMain][0;39m [34mINFO [0;39m [1;37m[org.springframework.data.repository.config.RepositoryConfigurationDelegate.registerRepositoriesIn:[33m201[0;39m][0;39m - Finished Spring Data repository scanning in 9 ms. Found 0 JPA repository interfaces.
[2022-08-15 01:54:15:83270017] [32m[restartedMain][0;39m [34mINFO [0;39m [1;37m[org.springframework.boot.web.embedded.tomcat.TomcatWebServer.initialize:[33m108[0;39m][0;39m - Tomcat initialized with port(s): 8080 (http)
[2022-08-15 01:54:15:83270032] [32m[restartedMain][0;39m [34mINFO [0;39m [1;37m[org.apache.juli.logging.DirectJDKLog.log:[33m173[0;39m][0;39m - Initializing ProtocolHandler ["http-nio-8080"]
[2022-08-15 01:54:15:83270032] [32m[restartedMain][0;39m [34mINFO [0;39m [1;37m[org.apache.juli.logging.DirectJDKLog.log:[33m173[0;39m][0;39m - Starting service [Tomcat]
[2022-08-15 01:54:15:83270033] [32m[restartedMain][0;39m [34mINFO [0;39m [1;37m[org.apache.juli.logging.DirectJDKLog.log:[33m173[0;39m][0;39m - Starting Servlet engine: [Apache Tomcat/9.0.64]
[2022-08-15 01:54:15:83270067] [32m[restartedMain][0;39m [34mINFO [0;39m [1;37m[org.apache.juli.logging.DirectJDKLog.log:[33m173[0;39m][0;39m - Initializing Spring embedded WebApplicationContext
[2022-08-15 01:54:15:83270067] [32m[restartedMain][0;39m [34mINFO [0;39m [1;37m[org.springframework.boot.web.servlet.context.ServletWebServerApplicationContext.prepareWebApplicationContext:[33m292[0;39m][0;39m - Root WebApplicationContext: initialization completed in 772 ms
[2022-08-15 01:54:15:83270149] [32m[restartedMain][0;39m [34mINFO [0;39m [1;37m[com.zaxxer.hikari.HikariDataSource.getConnection:[33m110[0;39m][0;39m - HikariPool-9 - Starting...
[2022-08-15 01:54:15:83270179] [32m[restartedMain][0;39m [34mINFO [0;39m [1;37m[com.zaxxer.hikari.HikariDataSource.getConnection:[33m123[0;39m][0;39m - HikariPool-9 - Start completed.
[2022-08-15 01:54:15:83270180] [32m[restartedMain][0;39m [34mINFO [0;39m [1;37m[org.springframework.boot.autoconfigure.h2.H2ConsoleAutoConfiguration.logDataSources:[33m87[0;39m][0;39m - H2 console available at '/h2-console'. Database available at 'jdbc:h2:mem:7ebcee37-28c2-4907-b744-38315292ef8a'
[2022-08-15 01:54:15:83270226] [32m[restartedMain][0;39m [34mINFO [0;39m [1;37m[org.hibernate.jpa.internal.util.LogHelper.logPersistenceUnitInformation:[33m31[0;39m][0;39m - HHH000204: Processing PersistenceUnitInfo [name: default]
[2022-08-15 01:54:15:83270233] [32m[restartedMain][0;39m [34mINFO [0;39m [1;37m[org.hibernate.dialect.Dialect.<init>:[33m175[0;39m][0;39m - HHH000400: Using dialect: org.hibernate.dialect.H2Dialect
[2022-08-15 01:54:16:83270411] [32m[restartedMain][0;39m [34mINFO [0;39m [1;37m[com.p6spy.engine.spy.appender.Slf4JLogger.logSQL:[33m60[0;39m][0;39m - #1660496056111 | took 0ms | statement | connection 42| url jdbc:h2:mem:7ebcee37-28c2-4907-b744-38315292ef8a
drop table if exists member CASCADE 
drop table if exists member CASCADE ;
[2022-08-15 01:54:16:83270412] [32m[restartedMain][0;39m [34mINFO [0;39m [1;37m[com.p6spy.engine.spy.appender.Slf4JLogger.logSQL:[33m60[0;39m][0;39m - #1660496056112 | took 0ms | statement | connection 42| url jdbc:h2:mem:7ebcee37-28c2-4907-b744-38315292ef8a
drop sequence if exists hibernate_sequence
drop sequence if exists hibernate_sequence;
[2022-08-15 01:54:16:83270413] [32m[restartedMain][0;39m [34mINFO [0;39m [1;37m[com.p6spy.engine.spy.appender.Slf4JLogger.logSQL:[33m60[0;39m][0;39m - #1660496056113 | took 0ms | statement | connection 43| url jdbc:h2:mem:7ebcee37-28c2-4907-b744-38315292ef8a
create sequence hibernate_sequence start with 1 increment by 1
create sequence hibernate_sequence start with 1 increment by 1;
[2022-08-15 01:54:16:83270415] [32m[restartedMain][0;39m [34mINFO [0;39m [1;37m[com.p6spy.engine.spy.appender.Slf4JLogger.logSQL:[33m60[0;39m][0;39m - #1660496056115 | took 1ms | statement | connection 43| url jdbc:h2:mem:7ebcee37-28c2-4907-b744-38315292ef8a
create table member (id bigint not null, address varchar(255), disabled_number varchar(255), email varchar(255), password varchar(255), phone_number varchar(255), user_id varchar(255), user_name varchar(255), primary key (id))
create table member (id bigint not null, address varchar(255), disabled_number varchar(255), email varchar(255), password varchar(255), phone_number varchar(255), user_id varchar(255), user_name varchar(255), primary key (id));
[2022-08-15 01:54:16:83270416] [32m[restartedMain][0;39m [34mINFO [0;39m [1;37m[org.hibernate.engine.transaction.jta.platform.internal.JtaPlatformInitiator.initiateService:[33m52[0;39m][0;39m - HHH000490: Using JtaPlatform implementation: [org.hibernate.engine.transaction.jta.platform.internal.NoJtaPlatform]
[2022-08-15 01:54:16:83270416] [32m[restartedMain][0;39m [34mINFO [0;39m [1;37m[org.springframework.orm.jpa.AbstractEntityManagerFactoryBean.buildNativeEntityManagerFactory:[33m437[0;39m][0;39m - Initialized JPA EntityManagerFactory for persistence unit 'default'
[2022-08-15 01:54:17:83271804] [32m[restartedMain][0;39m [34mINFO [0;39m [1;37m[org.springframework.boot.devtools.autoconfigure.OptionalLiveReloadServer.startServer:[33m58[0;39m][0;39m - LiveReload server is running on port 35729
[2022-08-15 01:54:17:83271823] [32m[restartedMain][0;39m [34mINFO [0;39m [1;37m[org.apache.juli.logging.DirectJDKLog.log:[33m173[0;39m][0;39m - Starting ProtocolHandler ["http-nio-8080"]
[2022-08-15 01:54:17:83271831] [32m[restartedMain][0;39m [34mINFO [0;39m [1;37m[org.springframework.boot.web.embedded.tomcat.TomcatWebServer.start:[33m220[0;39m][0;39m - Tomcat started on port(s): 8080 (http) with context path ''
[2022-08-15 01:54:17:83271843] [32m[restartedMain][0;39m [34mINFO [0;39m [1;37m[org.springframework.boot.StartupInfoLogger.logStarted:[33m61[0;39m][0;39m - Started httpTestApplication in 2.86 seconds (JVM running for 81833.837)
[2022-08-15 01:54:17:83271845] [32m[restartedMain][0;39m [34mINFO [0;39m [1;37m[org.springframework.boot.devtools.autoconfigure.ConditionEvaluationDeltaLoggingListener.onApplicationEvent:[33m63[0;39m][0;39m - Condition evaluation unchanged
[2022-08-15 01:54:56:83310685] [32m[Thread-34][0;39m [34mINFO [0;39m [1;37m[org.springframework.orm.jpa.AbstractEntityManagerFactoryBean.destroy:[33m651[0;39m][0;39m - Closing JPA EntityManagerFactory for persistence unit 'default'
[2022-08-15 01:54:56:83310938] [32m[Thread-34][0;39m [34mINFO [0;39m [1;37m[com.p6spy.engine.spy.appender.Slf4JLogger.logSQL:[33m60[0;39m][0;39m - 22.08.15 01:54:56 | OperationTime : 213ms|
HeFormatSql(P6Spy sql,Hibernate format):
    SHUTDOWN
[2022-08-15 01:54:56:83310942] [32m[Thread-34][0;39m [34mINFO [0;39m [1;37m[com.zaxxer.hikari.HikariDataSource.close:[33m350[0;39m][0;39m - HikariPool-9 - Shutdown initiated...
[2022-08-15 01:54:56:83310954] [32m[Thread-34][0;39m [34mINFO [0;39m [1;37m[com.zaxxer.hikari.HikariDataSource.close:[33m352[0;39m][0;39m - HikariPool-9 - Shutdown completed.
[2022-08-15 02:04:58:83913249] [32m[restartedMain][0;39m [34mINFO [0;39m [1;37m[org.springframework.boot.StartupInfoLogger.logStarting:[33m55[0;39m][0;39m - Starting httpTestApplication using Java 11.0.11 on juwonui-MacBookPro-2.local with PID 44767 (/Users/juwon/IdeaProjects/teamMVP/out/production/classes started by juwon in /Users/juwon/IdeaProjects/teamMVP)
[2022-08-15 02:04:58:83913250] [32m[restartedMain][0;39m [34mINFO [0;39m [1;37m[org.springframework.boot.SpringApplication.logStartupProfileInfo:[33m640[0;39m][0;39m - The following 2 profiles are active: "secure", "prod"
[2022-08-15 02:04:59:83913697] [32m[restartedMain][0;39m [34mINFO [0;39m [1;37m[org.springframework.data.repository.config.RepositoryConfigurationDelegate.registerRepositoriesIn:[33m132[0;39m][0;39m - Bootstrapping Spring Data JPA repositories in DEFAULT mode.
[2022-08-15 02:04:59:83913714] [32m[restartedMain][0;39m [34mINFO [0;39m [1;37m[org.springframework.data.repository.config.RepositoryConfigurationDelegate.registerRepositoriesIn:[33m201[0;39m][0;39m - Finished Spring Data repository scanning in 13 ms. Found 0 JPA repository interfaces.
[2022-08-15 02:04:59:83913950] [32m[restartedMain][0;39m [34mINFO [0;39m [1;37m[org.springframework.boot.web.embedded.tomcat.TomcatWebServer.initialize:[33m108[0;39m][0;39m - Tomcat initialized with port(s): 8080 (http)
[2022-08-15 02:04:59:83913957] [32m[restartedMain][0;39m [34mINFO [0;39m [1;37m[org.apache.juli.logging.DirectJDKLog.log:[33m173[0;39m][0;39m - Initializing ProtocolHandler ["http-nio-8080"]
[2022-08-15 02:04:59:83914005] [32m[restartedMain][0;39m [34mINFO [0;39m [1;37m[org.apache.juli.logging.DirectJDKLog.log:[33m173[0;39m][0;39m - Starting service [Tomcat]
[2022-08-15 02:04:59:83914009] [32m[restartedMain][0;39m [34mINFO [0;39m [1;37m[org.apache.juli.logging.DirectJDKLog.log:[33m173[0;39m][0;39m - Starting Servlet engine: [Apache Tomcat/9.0.64]
[2022-08-15 02:04:59:83914038] [32m[restartedMain][0;39m [34mINFO [0;39m [1;37m[org.apache.juli.logging.DirectJDKLog.log:[33m173[0;39m][0;39m - Initializing Spring embedded WebApplicationContext
[2022-08-15 02:04:59:83914039] [32m[restartedMain][0;39m [34mINFO [0;39m [1;37m[org.springframework.boot.web.servlet.context.ServletWebServerApplicationContext.prepareWebApplicationContext:[33m292[0;39m][0;39m - Root WebApplicationContext: initialization completed in 778 ms
[2022-08-15 02:04:59:83914119] [32m[restartedMain][0;39m [34mINFO [0;39m [1;37m[com.zaxxer.hikari.HikariDataSource.getConnection:[33m110[0;39m][0;39m - HikariPool-10 - Starting...
[2022-08-15 02:04:59:83914149] [32m[restartedMain][0;39m [34mINFO [0;39m [1;37m[com.zaxxer.hikari.HikariDataSource.getConnection:[33m123[0;39m][0;39m - HikariPool-10 - Start completed.
[2022-08-15 02:04:59:83914150] [32m[restartedMain][0;39m [34mINFO [0;39m [1;37m[org.springframework.boot.autoconfigure.h2.H2ConsoleAutoConfiguration.logDataSources:[33m87[0;39m][0;39m - H2 console available at '/h2-console'. Database available at 'jdbc:h2:mem:54fe230d-8265-4fcf-a448-b56102f5f1d3'
[2022-08-15 02:04:59:83914196] [32m[restartedMain][0;39m [34mINFO [0;39m [1;37m[org.hibernate.jpa.internal.util.LogHelper.logPersistenceUnitInformation:[33m31[0;39m][0;39m - HHH000204: Processing PersistenceUnitInfo [name: default]
[2022-08-15 02:04:59:83914206] [32m[restartedMain][0;39m [34mINFO [0;39m [1;37m[org.hibernate.dialect.Dialect.<init>:[33m175[0;39m][0;39m - HHH000400: Using dialect: org.hibernate.dialect.H2Dialect
[2022-08-15 02:05:00:83914370] [32m[restartedMain][0;39m [34mINFO [0;39m [1;37m[com.p6spy.engine.spy.appender.Slf4JLogger.logSQL:[33m60[0;39m][0;39m - #1660496700070 | took 0ms | statement | connection 47| url jdbc:h2:mem:54fe230d-8265-4fcf-a448-b56102f5f1d3
drop table if exists member CASCADE 
drop table if exists member CASCADE ;
[2022-08-15 02:05:00:83914370] [32m[restartedMain][0;39m [34mINFO [0;39m [1;37m[com.p6spy.engine.spy.appender.Slf4JLogger.logSQL:[33m60[0;39m][0;39m - #1660496700070 | took 0ms | statement | connection 47| url jdbc:h2:mem:54fe230d-8265-4fcf-a448-b56102f5f1d3
drop sequence if exists hibernate_sequence
drop sequence if exists hibernate_sequence;
[2022-08-15 02:05:00:83914371] [32m[restartedMain][0;39m [34mINFO [0;39m [1;37m[com.p6spy.engine.spy.appender.Slf4JLogger.logSQL:[33m60[0;39m][0;39m - #1660496700071 | took 0ms | statement | connection 48| url jdbc:h2:mem:54fe230d-8265-4fcf-a448-b56102f5f1d3
create sequence hibernate_sequence start with 1 increment by 1
create sequence hibernate_sequence start with 1 increment by 1;
[2022-08-15 02:05:00:83914372] [32m[restartedMain][0;39m [34mINFO [0;39m [1;37m[com.p6spy.engine.spy.appender.Slf4JLogger.logSQL:[33m60[0;39m][0;39m - #1660496700072 | took 0ms | statement | connection 48| url jdbc:h2:mem:54fe230d-8265-4fcf-a448-b56102f5f1d3
create table member (id bigint not null, address varchar(255), disabled_number varchar(255), email varchar(255), password varchar(255), phone_number varchar(255), user_id varchar(255), user_name varchar(255), primary key (id))
create table member (id bigint not null, address varchar(255), disabled_number varchar(255), email varchar(255), password varchar(255), phone_number varchar(255), user_id varchar(255), user_name varchar(255), primary key (id));
[2022-08-15 02:05:00:83914373] [32m[restartedMain][0;39m [34mINFO [0;39m [1;37m[org.hibernate.engine.transaction.jta.platform.internal.JtaPlatformInitiator.initiateService:[33m52[0;39m][0;39m - HHH000490: Using JtaPlatform implementation: [org.hibernate.engine.transaction.jta.platform.internal.NoJtaPlatform]
[2022-08-15 02:05:00:83914373] [32m[restartedMain][0;39m [34mINFO [0;39m [1;37m[org.springframework.orm.jpa.AbstractEntityManagerFactoryBean.buildNativeEntityManagerFactory:[33m437[0;39m][0;39m - Initialized JPA EntityManagerFactory for persistence unit 'default'
[2022-08-15 02:05:01:83915396] [32m[restartedMain][0;39m [34mINFO [0;39m [1;37m[org.springframework.boot.devtools.autoconfigure.OptionalLiveReloadServer.startServer:[33m58[0;39m][0;39m - LiveReload server is running on port 35729
[2022-08-15 02:05:01:83915421] [32m[restartedMain][0;39m [34mINFO [0;39m [1;37m[org.apache.juli.logging.DirectJDKLog.log:[33m173[0;39m][0;39m - Starting ProtocolHandler ["http-nio-8080"]
[2022-08-15 02:05:01:83915431] [32m[restartedMain][0;39m [34mINFO [0;39m [1;37m[org.springframework.boot.web.embedded.tomcat.TomcatWebServer.start:[33m220[0;39m][0;39m - Tomcat started on port(s): 8080 (http) with context path ''
[2022-08-15 02:05:01:83915442] [32m[restartedMain][0;39m [34mINFO [0;39m [1;37m[org.springframework.boot.StartupInfoLogger.logStarted:[33m61[0;39m][0;39m - Started httpTestApplication in 2.481 seconds (JVM running for 82477.467)
[2022-08-15 02:05:01:83915444] [32m[restartedMain][0;39m [34mINFO [0;39m [1;37m[org.springframework.boot.devtools.autoconfigure.ConditionEvaluationDeltaLoggingListener.onApplicationEvent:[33m63[0;39m][0;39m - Condition evaluation unchanged
[2022-08-15 02:19:18:84772575] [32m[Thread-38][0;39m [34mINFO [0;39m [1;37m[org.springframework.orm.jpa.AbstractEntityManagerFactoryBean.destroy:[33m651[0;39m][0;39m - Closing JPA EntityManagerFactory for persistence unit 'default'
[2022-08-15 02:19:18:84772833] [32m[Thread-38][0;39m [34mINFO [0;39m [1;37m[com.p6spy.engine.spy.appender.Slf4JLogger.logSQL:[33m60[0;39m][0;39m - 22.08.15 02:19:18 | OperationTime : 215ms|
HeFormatSql(P6Spy sql,Hibernate format):
    SHUTDOWN
[2022-08-15 02:19:18:84772837] [32m[Thread-38][0;39m [34mINFO [0;39m [1;37m[com.zaxxer.hikari.HikariDataSource.close:[33m350[0;39m][0;39m - HikariPool-10 - Shutdown initiated...
[2022-08-15 02:19:18:84772852] [32m[Thread-38][0;39m [34mINFO [0;39m [1;37m[com.zaxxer.hikari.HikariDataSource.close:[33m352[0;39m][0;39m - HikariPool-10 - Shutdown completed.
