[2022-08-14 02:46:26:1093] [32m[restartedMain][0;39m [34mINFO [0;39m [1;37m[org.springframework.boot.StartupInfoLogger.logStarting:[33m55[0;39m][0;39m - Starting httpTestApplication using Java 11.0.11 on juwonui-MacBookPro-2.local with PID 44767 (/Users/juwon/IdeaProjects/teamMVP/out/production/classes started by juwon in /Users/juwon/IdeaProjects/teamMVP)
[2022-08-14 02:46:26:1099] [32m[restartedMain][0;39m [34mINFO [0;39m [1;37m[org.springframework.boot.SpringApplication.logStartupProfileInfo:[33m640[0;39m][0;39m - The following 2 profiles are active: "secure", "prod"
[2022-08-14 02:46:26:1108] [32m[background-preinit][0;39m [34mINFO [0;39m [1;37m[org.hibernate.validator.internal.util.Version.<clinit>:[33m21[0;39m][0;39m - HV000001: Hibernate Validator 6.2.3.Final
[2022-08-14 02:46:26:1164] [32m[restartedMain][0;39m [34mINFO [0;39m [1;37m[org.springframework.boot.logging.DeferredLog.logTo:[33m255[0;39m][0;39m - Devtools property defaults active! Set 'spring.devtools.add-properties' to 'false' to disable
[2022-08-14 02:46:26:1165] [32m[restartedMain][0;39m [34mINFO [0;39m [1;37m[org.springframework.boot.logging.DeferredLog.logTo:[33m255[0;39m][0;39m - For additional web related logging consider setting the 'logging.level.web' property to 'DEBUG'
[2022-08-14 02:46:27:2280] [32m[restartedMain][0;39m [34mINFO [0;39m [1;37m[org.springframework.data.repository.config.RepositoryConfigurationDelegate.registerRepositoriesIn:[33m132[0;39m][0;39m - Bootstrapping Spring Data JPA repositories in DEFAULT mode.
[2022-08-14 02:46:28:2306] [32m[restartedMain][0;39m [34mINFO [0;39m [1;37m[org.springframework.data.repository.config.RepositoryConfigurationDelegate.registerRepositoriesIn:[33m201[0;39m][0;39m - Finished Spring Data repository scanning in 17 ms. Found 0 JPA repository interfaces.
[2022-08-14 02:46:29:3429] [32m[restartedMain][0;39m [34mINFO [0;39m [1;37m[org.springframework.boot.web.embedded.tomcat.TomcatWebServer.initialize:[33m108[0;39m][0;39m - Tomcat initialized with port(s): 8080 (http)
[2022-08-14 02:46:29:3436] [32m[restartedMain][0;39m [34mINFO [0;39m [1;37m[org.apache.juli.logging.DirectJDKLog.log:[33m173[0;39m][0;39m - Initializing ProtocolHandler ["http-nio-8080"]
[2022-08-14 02:46:29:3437] [32m[restartedMain][0;39m [34mINFO [0;39m [1;37m[org.apache.juli.logging.DirectJDKLog.log:[33m173[0;39m][0;39m - Starting service [Tomcat]
[2022-08-14 02:46:29:3437] [32m[restartedMain][0;39m [34mINFO [0;39m [1;37m[org.apache.juli.logging.DirectJDKLog.log:[33m173[0;39m][0;39m - Starting Servlet engine: [Apache Tomcat/9.0.64]
[2022-08-14 02:46:29:3521] [32m[restartedMain][0;39m [34mINFO [0;39m [1;37m[org.apache.juli.logging.DirectJDKLog.log:[33m173[0;39m][0;39m - Initializing Spring embedded WebApplicationContext
[2022-08-14 02:46:29:3521] [32m[restartedMain][0;39m [34mINFO [0;39m [1;37m[org.springframework.boot.web.servlet.context.ServletWebServerApplicationContext.prepareWebApplicationContext:[33m292[0;39m][0;39m - Root WebApplicationContext: initialization completed in 2355 ms
[2022-08-14 02:46:29:3633] [32m[restartedMain][0;39m [34mINFO [0;39m [1;37m[com.zaxxer.hikari.HikariDataSource.getConnection:[33m110[0;39m][0;39m - HikariPool-1 - Starting...
[2022-08-14 02:46:29:3762] [32m[restartedMain][0;39m [34mINFO [0;39m [1;37m[com.zaxxer.hikari.HikariDataSource.getConnection:[33m123[0;39m][0;39m - HikariPool-1 - Start completed.
[2022-08-14 02:46:29:3778] [32m[restartedMain][0;39m [34mINFO [0;39m [1;37m[org.springframework.boot.autoconfigure.h2.H2ConsoleAutoConfiguration.logDataSources:[33m87[0;39m][0;39m - H2 console available at '/h2-console'. Database available at 'jdbc:h2:mem:1d1ac57c-b3ef-471e-a556-5123b065f6b0'
[2022-08-14 02:46:29:3935] [32m[restartedMain][0;39m [34mINFO [0;39m [1;37m[org.hibernate.jpa.internal.util.LogHelper.logPersistenceUnitInformation:[33m31[0;39m][0;39m - HHH000204: Processing PersistenceUnitInfo [name: default]
[2022-08-14 02:46:29:3962] [32m[restartedMain][0;39m [34mINFO [0;39m [1;37m[org.hibernate.Version.logVersion:[33m44[0;39m][0;39m - HHH000412: Hibernate ORM core version 5.6.9.Final
[2022-08-14 02:46:29:4073] [32m[restartedMain][0;39m [34mINFO [0;39m [1;37m[org.hibernate.annotations.common.reflection.java.JavaReflectionManager.<clinit>:[33m56[0;39m][0;39m - HCANN000001: Hibernate Commons Annotations {5.1.2.Final}
[2022-08-14 02:46:29:4131] [32m[restartedMain][0;39m [34mINFO [0;39m [1;37m[org.hibernate.dialect.Dialect.<init>:[33m175[0;39m][0;39m - HHH000400: Using dialect: org.hibernate.dialect.H2Dialect
[2022-08-14 02:46:30:4497] [32m[restartedMain][0;39m [34mINFO [0;39m [1;37m[com.p6spy.engine.spy.appender.Slf4JLogger.logSQL:[33m60[0;39m][0;39m - #1660412790197 | took 1ms | statement | connection 2| url jdbc:h2:mem:1d1ac57c-b3ef-471e-a556-5123b065f6b0
drop table if exists member CASCADE 
drop table if exists member CASCADE ;
[2022-08-14 02:46:30:4498] [32m[restartedMain][0;39m [34mINFO [0;39m [1;37m[com.p6spy.engine.spy.appender.Slf4JLogger.logSQL:[33m60[0;39m][0;39m - #1660412790198 | took 0ms | statement | connection 2| url jdbc:h2:mem:1d1ac57c-b3ef-471e-a556-5123b065f6b0
drop sequence if exists hibernate_sequence
drop sequence if exists hibernate_sequence;
[2022-08-14 02:46:30:4501] [32m[restartedMain][0;39m [34mINFO [0;39m [1;37m[com.p6spy.engine.spy.appender.Slf4JLogger.logSQL:[33m60[0;39m][0;39m - #1660412790201 | took 1ms | statement | connection 3| url jdbc:h2:mem:1d1ac57c-b3ef-471e-a556-5123b065f6b0
create sequence hibernate_sequence start with 1 increment by 1
create sequence hibernate_sequence start with 1 increment by 1;
[2022-08-14 02:46:30:4506] [32m[restartedMain][0;39m [34mINFO [0;39m [1;37m[com.p6spy.engine.spy.appender.Slf4JLogger.logSQL:[33m60[0;39m][0;39m - #1660412790206 | took 4ms | statement | connection 3| url jdbc:h2:mem:1d1ac57c-b3ef-471e-a556-5123b065f6b0
create table member (id bigint not null, address varchar(255), disabled_number varchar(255), email varchar(255), password varchar(255), phone_number varchar(255), user_id varchar(255), user_name varchar(255), primary key (id))
create table member (id bigint not null, address varchar(255), disabled_number varchar(255), email varchar(255), password varchar(255), phone_number varchar(255), user_id varchar(255), user_name varchar(255), primary key (id));
[2022-08-14 02:46:30:4507] [32m[restartedMain][0;39m [34mINFO [0;39m [1;37m[org.hibernate.engine.transaction.jta.platform.internal.JtaPlatformInitiator.initiateService:[33m52[0;39m][0;39m - HHH000490: Using JtaPlatform implementation: [org.hibernate.engine.transaction.jta.platform.internal.NoJtaPlatform]
[2022-08-14 02:46:30:4511] [32m[restartedMain][0;39m [34mINFO [0;39m [1;37m[org.springframework.orm.jpa.AbstractEntityManagerFactoryBean.buildNativeEntityManagerFactory:[33m437[0;39m][0;39m - Initialized JPA EntityManagerFactory for persistence unit 'default'
[2022-08-14 02:46:31:6093] [32m[restartedMain][0;39m [34mINFO [0;39m [1;37m[org.springframework.boot.devtools.autoconfigure.OptionalLiveReloadServer.startServer:[33m58[0;39m][0;39m - LiveReload server is running on port 35729
[2022-08-14 02:46:31:6117] [32m[restartedMain][0;39m [34mINFO [0;39m [1;37m[org.apache.juli.logging.DirectJDKLog.log:[33m173[0;39m][0;39m - Starting ProtocolHandler ["http-nio-8080"]
[2022-08-14 02:46:31:6134] [32m[restartedMain][0;39m [34mINFO [0;39m [1;37m[org.springframework.boot.web.embedded.tomcat.TomcatWebServer.start:[33m220[0;39m][0;39m - Tomcat started on port(s): 8080 (http) with context path ''
[2022-08-14 02:46:31:6152] [32m[restartedMain][0;39m [34mINFO [0;39m [1;37m[org.springframework.boot.StartupInfoLogger.logStarted:[33m61[0;39m][0;39m - Started httpTestApplication in 5.776 seconds (JVM running for 6.784)
[2022-08-14 02:46:36:11284] [32m[http-nio-8080-exec-2][0;39m [34mINFO [0;39m [1;37m[org.apache.juli.logging.DirectJDKLog.log:[33m173[0;39m][0;39m - Initializing Spring DispatcherServlet 'dispatcherServlet'
[2022-08-14 02:46:36:11285] [32m[http-nio-8080-exec-2][0;39m [34mINFO [0;39m [1;37m[org.springframework.web.servlet.FrameworkServlet.initServletBean:[33m525[0;39m][0;39m - Initializing Servlet 'dispatcherServlet'
[2022-08-14 02:46:36:11287] [32m[http-nio-8080-exec-2][0;39m [34mINFO [0;39m [1;37m[org.springframework.web.servlet.FrameworkServlet.initServletBean:[33m547[0;39m][0;39m - Completed initialization in 1 ms
[2022-08-14 02:46:37:11397] [32m[http-nio-8080-exec-2][0;39m [34mINFO [0;39m [1;37m[somaMVP.controller.FileRestController.uploadFile:[33m28[0;39m][0;39m - POST /upload ìš”ì²­ 1íšŒ ë°›ìŒ
[2022-08-14 02:46:37:11447] [32m[http-nio-8080-exec-2][0;39m [34mINFO [0;39m [1;37m[somaMVP.service.FileServiceImpl.defaultUpload:[33m71[0;39m][0;39m - IOException = /home/ubuntu/img/test1.jpg
[2022-08-14 02:46:37:11460] [32m[http-nio-8080-exec-2][0;39m [34mINFO [0;39m [1;37m[somaMVP.service.FileServiceImpl.lambda$httpUpload$0:[33m47[0;39m][0;39m - [1ë²ˆ]file:///Users/juwon/attach-files -> /home/ubuntu/img/test1.jpg
[2022-08-14 02:46:37:11462] [32m[http-nio-8080-exec-2][0;39m [34mINFO [0;39m [1;37m[somaMVP.aop.PerformanceAspect.loggingRunningTIme:[33m34[0;39m][0;39m - fileProcessì˜ ì´ ìˆ˜í–‰ ì‹œê°„ => 0.055785792 sec
[2022-08-14 15:02:03:44137870] [32m[Thread-5][0;39m [34mINFO [0;39m [1;37m[org.springframework.orm.jpa.AbstractEntityManagerFactoryBean.destroy:[33m651[0;39m][0;39m - Closing JPA EntityManagerFactory for persistence unit 'default'
[2022-08-14 15:02:03:44138109] [32m[Thread-5][0;39m [34mINFO [0;39m [1;37m[com.p6spy.engine.spy.appender.Slf4JLogger.logSQL:[33m60[0;39m][0;39m - 22.08.14 15:02:03 | OperationTime : 211ms|
HeFormatSql(P6Spy sql,Hibernate format):
    SHUTDOWN
[2022-08-14 15:02:03:44138114] [32m[Thread-5][0;39m [34mINFO [0;39m [1;37m[com.zaxxer.hikari.HikariDataSource.close:[33m350[0;39m][0;39m - HikariPool-1 - Shutdown initiated...
[2022-08-14 15:02:03:44138124] [32m[Thread-5][0;39m [34mINFO [0;39m [1;37m[com.zaxxer.hikari.HikariDataSource.close:[33m352[0;39m][0;39m - HikariPool-1 - Shutdown completed.
[2022-08-14 15:02:04:44138729] [32m[restartedMain][0;39m [34mINFO [0;39m [1;37m[org.springframework.boot.StartupInfoLogger.logStarting:[33m55[0;39m][0;39m - Starting httpTestApplication using Java 11.0.11 on juwonui-MacBookPro-2.local with PID 44767 (/Users/juwon/IdeaProjects/teamMVP/out/production/classes started by juwon in /Users/juwon/IdeaProjects/teamMVP)
[2022-08-14 15:02:04:44138730] [32m[restartedMain][0;39m [34mINFO [0;39m [1;37m[org.springframework.boot.SpringApplication.logStartupProfileInfo:[33m640[0;39m][0;39m - The following 2 profiles are active: "secure", "prod"
[2022-08-14 15:02:04:44139098] [32m[restartedMain][0;39m [34mINFO [0;39m [1;37m[org.springframework.data.repository.config.RepositoryConfigurationDelegate.registerRepositoriesIn:[33m132[0;39m][0;39m - Bootstrapping Spring Data JPA repositories in DEFAULT mode.
[2022-08-14 15:02:04:44139103] [32m[restartedMain][0;39m [34mINFO [0;39m [1;37m[org.springframework.data.repository.config.RepositoryConfigurationDelegate.registerRepositoriesIn:[33m201[0;39m][0;39m - Finished Spring Data repository scanning in 4 ms. Found 0 JPA repository interfaces.
[2022-08-14 15:02:05:44139373] [32m[restartedMain][0;39m [34mINFO [0;39m [1;37m[org.springframework.boot.web.embedded.tomcat.TomcatWebServer.initialize:[33m108[0;39m][0;39m - Tomcat initialized with port(s): 8080 (http)
[2022-08-14 15:02:05:44139376] [32m[restartedMain][0;39m [34mINFO [0;39m [1;37m[org.apache.juli.logging.DirectJDKLog.log:[33m173[0;39m][0;39m - Initializing ProtocolHandler ["http-nio-8080"]
[2022-08-14 15:02:05:44139377] [32m[restartedMain][0;39m [34mINFO [0;39m [1;37m[org.apache.juli.logging.DirectJDKLog.log:[33m173[0;39m][0;39m - Starting service [Tomcat]
[2022-08-14 15:02:05:44139377] [32m[restartedMain][0;39m [34mINFO [0;39m [1;37m[org.apache.juli.logging.DirectJDKLog.log:[33m173[0;39m][0;39m - Starting Servlet engine: [Apache Tomcat/9.0.64]
[2022-08-14 15:02:05:44139394] [32m[restartedMain][0;39m [34mINFO [0;39m [1;37m[org.apache.juli.logging.DirectJDKLog.log:[33m173[0;39m][0;39m - Initializing Spring embedded WebApplicationContext
[2022-08-14 15:02:05:44139394] [32m[restartedMain][0;39m [34mINFO [0;39m [1;37m[org.springframework.boot.web.servlet.context.ServletWebServerApplicationContext.prepareWebApplicationContext:[33m292[0;39m][0;39m - Root WebApplicationContext: initialization completed in 655 ms
[2022-08-14 15:02:05:44139450] [32m[restartedMain][0;39m [34mINFO [0;39m [1;37m[com.zaxxer.hikari.HikariDataSource.getConnection:[33m110[0;39m][0;39m - HikariPool-2 - Starting...
[2022-08-14 15:02:05:44139471] [32m[restartedMain][0;39m [34mINFO [0;39m [1;37m[com.zaxxer.hikari.HikariDataSource.getConnection:[33m123[0;39m][0;39m - HikariPool-2 - Start completed.
[2022-08-14 15:02:05:44139473] [32m[restartedMain][0;39m [34mINFO [0;39m [1;37m[org.springframework.boot.autoconfigure.h2.H2ConsoleAutoConfiguration.logDataSources:[33m87[0;39m][0;39m - H2 console available at '/h2-console'. Database available at 'jdbc:h2:mem:e4b6789d-fb38-45ea-8df5-066490645bfd'
[2022-08-14 15:02:05:44139528] [32m[restartedMain][0;39m [34mINFO [0;39m [1;37m[org.hibernate.jpa.internal.util.LogHelper.logPersistenceUnitInformation:[33m31[0;39m][0;39m - HHH000204: Processing PersistenceUnitInfo [name: default]
[2022-08-14 15:02:05:44139533] [32m[restartedMain][0;39m [34mINFO [0;39m [1;37m[org.hibernate.dialect.Dialect.<init>:[33m175[0;39m][0;39m - HHH000400: Using dialect: org.hibernate.dialect.H2Dialect
[2022-08-14 15:02:05:44139642] [32m[restartedMain][0;39m [34mINFO [0;39m [1;37m[com.p6spy.engine.spy.appender.Slf4JLogger.logSQL:[33m60[0;39m][0;39m - #1660456925342 | took 2ms | statement | connection 7| url jdbc:h2:mem:e4b6789d-fb38-45ea-8df5-066490645bfd
drop table if exists member CASCADE 
drop table if exists member CASCADE ;
[2022-08-14 15:02:05:44139644] [32m[restartedMain][0;39m [34mINFO [0;39m [1;37m[com.p6spy.engine.spy.appender.Slf4JLogger.logSQL:[33m60[0;39m][0;39m - #1660456925344 | took 0ms | statement | connection 7| url jdbc:h2:mem:e4b6789d-fb38-45ea-8df5-066490645bfd
drop sequence if exists hibernate_sequence
drop sequence if exists hibernate_sequence;
[2022-08-14 15:02:05:44139646] [32m[restartedMain][0;39m [34mINFO [0;39m [1;37m[com.p6spy.engine.spy.appender.Slf4JLogger.logSQL:[33m60[0;39m][0;39m - #1660456925346 | took 2ms | statement | connection 8| url jdbc:h2:mem:e4b6789d-fb38-45ea-8df5-066490645bfd
create sequence hibernate_sequence start with 1 increment by 1
create sequence hibernate_sequence start with 1 increment by 1;
[2022-08-14 15:02:05:44139648] [32m[restartedMain][0;39m [34mINFO [0;39m [1;37m[com.p6spy.engine.spy.appender.Slf4JLogger.logSQL:[33m60[0;39m][0;39m - #1660456925348 | took 1ms | statement | connection 8| url jdbc:h2:mem:e4b6789d-fb38-45ea-8df5-066490645bfd
create table member (id bigint not null, address varchar(255), disabled_number varchar(255), email varchar(255), password varchar(255), phone_number varchar(255), user_id varchar(255), user_name varchar(255), primary key (id))
create table member (id bigint not null, address varchar(255), disabled_number varchar(255), email varchar(255), password varchar(255), phone_number varchar(255), user_id varchar(255), user_name varchar(255), primary key (id));
[2022-08-14 15:02:05:44139649] [32m[restartedMain][0;39m [34mINFO [0;39m [1;37m[org.hibernate.engine.transaction.jta.platform.internal.JtaPlatformInitiator.initiateService:[33m52[0;39m][0;39m - HHH000490: Using JtaPlatform implementation: [org.hibernate.engine.transaction.jta.platform.internal.NoJtaPlatform]
[2022-08-14 15:02:05:44139650] [32m[restartedMain][0;39m [34mINFO [0;39m [1;37m[org.springframework.orm.jpa.AbstractEntityManagerFactoryBean.buildNativeEntityManagerFactory:[33m437[0;39m][0;39m - Initialized JPA EntityManagerFactory for persistence unit 'default'
[2022-08-14 15:02:05:44139673] [32m[restartedMain][0;39m [34mINFO [0;39m [1;37m[org.springframework.orm.jpa.AbstractEntityManagerFactoryBean.destroy:[33m651[0;39m][0;39m - Closing JPA EntityManagerFactory for persistence unit 'default'
[2022-08-14 15:02:05:44139910] [32m[restartedMain][0;39m [34mINFO [0;39m [1;37m[com.p6spy.engine.spy.appender.Slf4JLogger.logSQL:[33m60[0;39m][0;39m - 22.08.14 15:02:05 | OperationTime : 215ms|
HeFormatSql(P6Spy sql,Hibernate format):
    SHUTDOWN
[2022-08-14 15:02:05:44139910] [32m[restartedMain][0;39m [34mINFO [0;39m [1;37m[com.zaxxer.hikari.HikariDataSource.close:[33m350[0;39m][0;39m - HikariPool-2 - Shutdown initiated...
[2022-08-14 15:02:05:44139961] [32m[restartedMain][0;39m [34mINFO [0;39m [1;37m[com.zaxxer.hikari.HikariDataSource.close:[33m352[0;39m][0;39m - HikariPool-2 - Shutdown completed.
[2022-08-14 15:02:05:44139964] [32m[restartedMain][0;39m [34mINFO [0;39m [1;37m[org.apache.juli.logging.DirectJDKLog.log:[33m173[0;39m][0;39m - Stopping service [Tomcat]
[2022-08-14 15:02:05:44139995] [32m[restartedMain][0;39m [34mINFO [0;39m [1;37m[org.springframework.boot.autoconfigure.logging.ConditionEvaluationReportLoggingListener.logMessage:[33m136[0;39m][0;39m - 

Error starting ApplicationContext. To display the conditions report re-run your application with 'debug' enabled.
[2022-08-14 15:02:07:44141589] [32m[restartedMain][0;39m [34mINFO [0;39m [1;37m[org.springframework.boot.StartupInfoLogger.logStarting:[33m55[0;39m][0;39m - Starting httpTestApplication using Java 11.0.11 on juwonui-MacBookPro-2.local with PID 44767 (/Users/juwon/IdeaProjects/teamMVP/out/production/classes started by juwon in /Users/juwon/IdeaProjects/teamMVP)
[2022-08-14 15:02:07:44141589] [32m[restartedMain][0;39m [34mINFO [0;39m [1;37m[org.springframework.boot.SpringApplication.logStartupProfileInfo:[33m640[0;39m][0;39m - The following 2 profiles are active: "secure", "prod"
[2022-08-14 15:02:07:44141866] [32m[restartedMain][0;39m [34mINFO [0;39m [1;37m[org.springframework.data.repository.config.RepositoryConfigurationDelegate.registerRepositoriesIn:[33m132[0;39m][0;39m - Bootstrapping Spring Data JPA repositories in DEFAULT mode.
[2022-08-14 15:02:07:44141875] [32m[restartedMain][0;39m [34mINFO [0;39m [1;37m[org.springframework.data.repository.config.RepositoryConfigurationDelegate.registerRepositoriesIn:[33m201[0;39m][0;39m - Finished Spring Data repository scanning in 8 ms. Found 0 JPA repository interfaces.
[2022-08-14 15:02:07:44142013] [32m[restartedMain][0;39m [34mINFO [0;39m [1;37m[org.springframework.boot.web.embedded.tomcat.TomcatWebServer.initialize:[33m108[0;39m][0;39m - Tomcat initialized with port(s): 8080 (http)
[2022-08-14 15:02:07:44142014] [32m[restartedMain][0;39m [34mINFO [0;39m [1;37m[org.apache.juli.logging.DirectJDKLog.log:[33m173[0;39m][0;39m - Initializing ProtocolHandler ["http-nio-8080"]
[2022-08-14 15:02:07:44142014] [32m[restartedMain][0;39m [34mINFO [0;39m [1;37m[org.apache.juli.logging.DirectJDKLog.log:[33m173[0;39m][0;39m - Starting service [Tomcat]
[2022-08-14 15:02:07:44142015] [32m[restartedMain][0;39m [34mINFO [0;39m [1;37m[org.apache.juli.logging.DirectJDKLog.log:[33m173[0;39m][0;39m - Starting Servlet engine: [Apache Tomcat/9.0.64]
[2022-08-14 15:02:07:44142027] [32m[restartedMain][0;39m [34mINFO [0;39m [1;37m[org.apache.juli.logging.DirectJDKLog.log:[33m173[0;39m][0;39m - Initializing Spring embedded WebApplicationContext
[2022-08-14 15:02:07:44142027] [32m[restartedMain][0;39m [34mINFO [0;39m [1;37m[org.springframework.boot.web.servlet.context.ServletWebServerApplicationContext.prepareWebApplicationContext:[33m292[0;39m][0;39m - Root WebApplicationContext: initialization completed in 433 ms
[2022-08-14 15:02:07:44142051] [32m[restartedMain][0;39m [34mINFO [0;39m [1;37m[com.zaxxer.hikari.HikariDataSource.getConnection:[33m110[0;39m][0;39m - HikariPool-3 - Starting...
[2022-08-14 15:02:07:44142057] [32m[restartedMain][0;39m [34mINFO [0;39m [1;37m[com.zaxxer.hikari.HikariDataSource.getConnection:[33m123[0;39m][0;39m - HikariPool-3 - Start completed.
[2022-08-14 15:02:07:44142058] [32m[restartedMain][0;39m [34mINFO [0;39m [1;37m[org.springframework.boot.autoconfigure.h2.H2ConsoleAutoConfiguration.logDataSources:[33m87[0;39m][0;39m - H2 console available at '/h2-console'. Database available at 'jdbc:h2:mem:5022fb77-9abc-4f53-8d3e-257d185ad346'
[2022-08-14 15:02:07:44142099] [32m[restartedMain][0;39m [34mINFO [0;39m [1;37m[org.hibernate.jpa.internal.util.LogHelper.logPersistenceUnitInformation:[33m31[0;39m][0;39m - HHH000204: Processing PersistenceUnitInfo [name: default]
[2022-08-14 15:02:07:44142104] [32m[restartedMain][0;39m [34mINFO [0;39m [1;37m[org.hibernate.dialect.Dialect.<init>:[33m175[0;39m][0;39m - HHH000400: Using dialect: org.hibernate.dialect.H2Dialect
[2022-08-14 15:02:07:44142179] [32m[restartedMain][0;39m [34mINFO [0;39m [1;37m[com.p6spy.engine.spy.appender.Slf4JLogger.logSQL:[33m60[0;39m][0;39m - #1660456927879 | took 0ms | statement | connection 12| url jdbc:h2:mem:5022fb77-9abc-4f53-8d3e-257d185ad346
drop table if exists member CASCADE 
drop table if exists member CASCADE ;
[2022-08-14 15:02:07:44142179] [32m[restartedMain][0;39m [34mINFO [0;39m [1;37m[com.p6spy.engine.spy.appender.Slf4JLogger.logSQL:[33m60[0;39m][0;39m - #1660456927879 | took 0ms | statement | connection 12| url jdbc:h2:mem:5022fb77-9abc-4f53-8d3e-257d185ad346
drop sequence if exists hibernate_sequence
drop sequence if exists hibernate_sequence;
[2022-08-14 15:02:07:44142180] [32m[restartedMain][0;39m [34mINFO [0;39m [1;37m[com.p6spy.engine.spy.appender.Slf4JLogger.logSQL:[33m60[0;39m][0;39m - #1660456927880 | took 0ms | statement | connection 13| url jdbc:h2:mem:5022fb77-9abc-4f53-8d3e-257d185ad346
create sequence hibernate_sequence start with 1 increment by 1
create sequence hibernate_sequence start with 1 increment by 1;
[2022-08-14 15:02:07:44142181] [32m[restartedMain][0;39m [34mINFO [0;39m [1;37m[com.p6spy.engine.spy.appender.Slf4JLogger.logSQL:[33m60[0;39m][0;39m - #1660456927881 | took 0ms | statement | connection 13| url jdbc:h2:mem:5022fb77-9abc-4f53-8d3e-257d185ad346
create table member (id bigint not null, address varchar(255), disabled_number varchar(255), email varchar(255), password varchar(255), phone_number varchar(255), user_id varchar(255), user_name varchar(255), primary key (id))
create table member (id bigint not null, address varchar(255), disabled_number varchar(255), email varchar(255), password varchar(255), phone_number varchar(255), user_id varchar(255), user_name varchar(255), primary key (id));
[2022-08-14 15:02:07:44142182] [32m[restartedMain][0;39m [34mINFO [0;39m [1;37m[org.hibernate.engine.transaction.jta.platform.internal.JtaPlatformInitiator.initiateService:[33m52[0;39m][0;39m - HHH000490: Using JtaPlatform implementation: [org.hibernate.engine.transaction.jta.platform.internal.NoJtaPlatform]
[2022-08-14 15:02:07:44142182] [32m[restartedMain][0;39m [34mINFO [0;39m [1;37m[org.springframework.orm.jpa.AbstractEntityManagerFactoryBean.buildNativeEntityManagerFactory:[33m437[0;39m][0;39m - Initialized JPA EntityManagerFactory for persistence unit 'default'
[2022-08-14 15:02:09:44143331] [32m[restartedMain][0;39m [34mINFO [0;39m [1;37m[org.springframework.boot.devtools.autoconfigure.OptionalLiveReloadServer.startServer:[33m58[0;39m][0;39m - LiveReload server is running on port 35729
[2022-08-14 15:02:09:44143349] [32m[restartedMain][0;39m [34mINFO [0;39m [1;37m[org.apache.juli.logging.DirectJDKLog.log:[33m173[0;39m][0;39m - Starting ProtocolHandler ["http-nio-8080"]
[2022-08-14 15:02:09:44143354] [32m[restartedMain][0;39m [34mINFO [0;39m [1;37m[org.springframework.boot.web.embedded.tomcat.TomcatWebServer.start:[33m220[0;39m][0;39m - Tomcat started on port(s): 8080 (http) with context path ''
[2022-08-14 15:02:09:44143361] [32m[restartedMain][0;39m [34mINFO [0;39m [1;37m[org.springframework.boot.StartupInfoLogger.logStarted:[33m61[0;39m][0;39m - Started httpTestApplication in 1.892 seconds (JVM running for 44144.045)
[2022-08-14 15:02:09:44143371] [32m[restartedMain][0;39m [34mINFO [0;39m [1;37m[org.springframework.boot.devtools.autoconfigure.ConditionEvaluationDeltaLoggingListener.onApplicationEvent:[33m63[0;39m][0;39m - Condition evaluation unchanged
[2022-08-14 15:09:16:44571268] [32m[Thread-7][0;39m [34mINFO [0;39m [1;37m[org.springframework.orm.jpa.AbstractEntityManagerFactoryBean.destroy:[33m651[0;39m][0;39m - Closing JPA EntityManagerFactory for persistence unit 'default'
[2022-08-14 15:09:17:44571508] [32m[Thread-7][0;39m [34mINFO [0;39m [1;37m[com.p6spy.engine.spy.appender.Slf4JLogger.logSQL:[33m60[0;39m][0;39m - 22.08.14 15:09:17 | OperationTime : 211ms|
HeFormatSql(P6Spy sql,Hibernate format):
    SHUTDOWN
[2022-08-14 15:09:17:44571512] [32m[Thread-7][0;39m [34mINFO [0;39m [1;37m[com.zaxxer.hikari.HikariDataSource.close:[33m350[0;39m][0;39m - HikariPool-3 - Shutdown initiated...
[2022-08-14 15:09:17:44571524] [32m[Thread-7][0;39m [34mINFO [0;39m [1;37m[com.zaxxer.hikari.HikariDataSource.close:[33m352[0;39m][0;39m - HikariPool-3 - Shutdown completed.
[2022-08-14 15:09:17:44571955] [32m[restartedMain][0;39m [34mINFO [0;39m [1;37m[org.springframework.boot.StartupInfoLogger.logStarting:[33m55[0;39m][0;39m - Starting httpTestApplication using Java 11.0.11 on juwonui-MacBookPro-2.local with PID 44767 (/Users/juwon/IdeaProjects/teamMVP/out/production/classes started by juwon in /Users/juwon/IdeaProjects/teamMVP)
[2022-08-14 15:09:17:44571957] [32m[restartedMain][0;39m [34mINFO [0;39m [1;37m[org.springframework.boot.SpringApplication.logStartupProfileInfo:[33m640[0;39m][0;39m - The following 2 profiles are active: "secure", "prod"
[2022-08-14 15:09:17:44572202] [32m[restartedMain][0;39m [34mINFO [0;39m [1;37m[org.springframework.data.repository.config.RepositoryConfigurationDelegate.registerRepositoriesIn:[33m132[0;39m][0;39m - Bootstrapping Spring Data JPA repositories in DEFAULT mode.
[2022-08-14 15:09:17:44572206] [32m[restartedMain][0;39m [34mINFO [0;39m [1;37m[org.springframework.data.repository.config.RepositoryConfigurationDelegate.registerRepositoriesIn:[33m201[0;39m][0;39m - Finished Spring Data repository scanning in 3 ms. Found 0 JPA repository interfaces.
[2022-08-14 15:09:18:44572385] [32m[restartedMain][0;39m [34mINFO [0;39m [1;37m[org.springframework.boot.web.embedded.tomcat.TomcatWebServer.initialize:[33m108[0;39m][0;39m - Tomcat initialized with port(s): 8080 (http)
[2022-08-14 15:09:18:44572387] [32m[restartedMain][0;39m [34mINFO [0;39m [1;37m[org.apache.juli.logging.DirectJDKLog.log:[33m173[0;39m][0;39m - Initializing ProtocolHandler ["http-nio-8080"]
[2022-08-14 15:09:18:44572387] [32m[restartedMain][0;39m [34mINFO [0;39m [1;37m[org.apache.juli.logging.DirectJDKLog.log:[33m173[0;39m][0;39m - Starting service [Tomcat]
[2022-08-14 15:09:18:44572387] [32m[restartedMain][0;39m [34mINFO [0;39m [1;37m[org.apache.juli.logging.DirectJDKLog.log:[33m173[0;39m][0;39m - Starting Servlet engine: [Apache Tomcat/9.0.64]
[2022-08-14 15:09:18:44572400] [32m[restartedMain][0;39m [34mINFO [0;39m [1;37m[org.apache.juli.logging.DirectJDKLog.log:[33m173[0;39m][0;39m - Initializing Spring embedded WebApplicationContext
[2022-08-14 15:09:18:44572400] [32m[restartedMain][0;39m [34mINFO [0;39m [1;37m[org.springframework.boot.web.servlet.context.ServletWebServerApplicationContext.prepareWebApplicationContext:[33m292[0;39m][0;39m - Root WebApplicationContext: initialization completed in 429 ms
[2022-08-14 15:09:18:44572431] [32m[restartedMain][0;39m [34mINFO [0;39m [1;37m[com.zaxxer.hikari.HikariDataSource.getConnection:[33m110[0;39m][0;39m - HikariPool-4 - Starting...
[2022-08-14 15:09:18:44572449] [32m[restartedMain][0;39m [34mINFO [0;39m [1;37m[com.zaxxer.hikari.HikariDataSource.getConnection:[33m123[0;39m][0;39m - HikariPool-4 - Start completed.
[2022-08-14 15:09:18:44572450] [32m[restartedMain][0;39m [34mINFO [0;39m [1;37m[org.springframework.boot.autoconfigure.h2.H2ConsoleAutoConfiguration.logDataSources:[33m87[0;39m][0;39m - H2 console available at '/h2-console'. Database available at 'jdbc:h2:mem:2165b04c-bb7d-4d29-84f1-17378a69f522'
[2022-08-14 15:09:18:44572484] [32m[restartedMain][0;39m [34mINFO [0;39m [1;37m[org.hibernate.jpa.internal.util.LogHelper.logPersistenceUnitInformation:[33m31[0;39m][0;39m - HHH000204: Processing PersistenceUnitInfo [name: default]
[2022-08-14 15:09:18:44572489] [32m[restartedMain][0;39m [34mINFO [0;39m [1;37m[org.hibernate.dialect.Dialect.<init>:[33m175[0;39m][0;39m - HHH000400: Using dialect: org.hibernate.dialect.H2Dialect
[2022-08-14 15:09:18:44572594] [32m[restartedMain][0;39m [34mINFO [0;39m [1;37m[com.p6spy.engine.spy.appender.Slf4JLogger.logSQL:[33m60[0;39m][0;39m - #1660457358294 | took 0ms | statement | connection 17| url jdbc:h2:mem:2165b04c-bb7d-4d29-84f1-17378a69f522
drop table if exists member CASCADE 
drop table if exists member CASCADE ;
[2022-08-14 15:09:18:44572594] [32m[restartedMain][0;39m [34mINFO [0;39m [1;37m[com.p6spy.engine.spy.appender.Slf4JLogger.logSQL:[33m60[0;39m][0;39m - #1660457358294 | took 0ms | statement | connection 17| url jdbc:h2:mem:2165b04c-bb7d-4d29-84f1-17378a69f522
drop sequence if exists hibernate_sequence
drop sequence if exists hibernate_sequence;
[2022-08-14 15:09:18:44572595] [32m[restartedMain][0;39m [34mINFO [0;39m [1;37m[com.p6spy.engine.spy.appender.Slf4JLogger.logSQL:[33m60[0;39m][0;39m - #1660457358295 | took 0ms | statement | connection 18| url jdbc:h2:mem:2165b04c-bb7d-4d29-84f1-17378a69f522
create sequence hibernate_sequence start with 1 increment by 1
create sequence hibernate_sequence start with 1 increment by 1;
[2022-08-14 15:09:18:44572597] [32m[restartedMain][0;39m [34mINFO [0;39m [1;37m[com.p6spy.engine.spy.appender.Slf4JLogger.logSQL:[33m60[0;39m][0;39m - #1660457358297 | took 0ms | statement | connection 18| url jdbc:h2:mem:2165b04c-bb7d-4d29-84f1-17378a69f522
create table member (id bigint not null, address varchar(255), disabled_number varchar(255), email varchar(255), password varchar(255), phone_number varchar(255), user_id varchar(255), user_name varchar(255), primary key (id))
create table member (id bigint not null, address varchar(255), disabled_number varchar(255), email varchar(255), password varchar(255), phone_number varchar(255), user_id varchar(255), user_name varchar(255), primary key (id));
[2022-08-14 15:09:18:44572598] [32m[restartedMain][0;39m [34mINFO [0;39m [1;37m[org.hibernate.engine.transaction.jta.platform.internal.JtaPlatformInitiator.initiateService:[33m52[0;39m][0;39m - HHH000490: Using JtaPlatform implementation: [org.hibernate.engine.transaction.jta.platform.internal.NoJtaPlatform]
[2022-08-14 15:09:18:44572598] [32m[restartedMain][0;39m [34mINFO [0;39m [1;37m[org.springframework.orm.jpa.AbstractEntityManagerFactoryBean.buildNativeEntityManagerFactory:[33m437[0;39m][0;39m - Initialized JPA EntityManagerFactory for persistence unit 'default'
[2022-08-14 15:09:19:44573381] [32m[restartedMain][0;39m [34mINFO [0;39m [1;37m[org.springframework.boot.devtools.autoconfigure.OptionalLiveReloadServer.startServer:[33m58[0;39m][0;39m - LiveReload server is running on port 35729
[2022-08-14 15:09:19:44573396] [32m[restartedMain][0;39m [34mINFO [0;39m [1;37m[org.apache.juli.logging.DirectJDKLog.log:[33m173[0;39m][0;39m - Starting ProtocolHandler ["http-nio-8080"]
[2022-08-14 15:09:19:44573409] [32m[restartedMain][0;39m [34mINFO [0;39m [1;37m[org.springframework.boot.web.embedded.tomcat.TomcatWebServer.start:[33m220[0;39m][0;39m - Tomcat started on port(s): 8080 (http) with context path ''
[2022-08-14 15:09:19:44573417] [32m[restartedMain][0;39m [34mINFO [0;39m [1;37m[org.springframework.boot.StartupInfoLogger.logStarted:[33m61[0;39m][0;39m - Started httpTestApplication in 1.73 seconds (JVM running for 44574.099)
[2022-08-14 15:09:19:44573419] [32m[restartedMain][0;39m [34mINFO [0;39m [1;37m[org.springframework.boot.devtools.autoconfigure.ConditionEvaluationDeltaLoggingListener.onApplicationEvent:[33m63[0;39m][0;39m - Condition evaluation unchanged
[2022-08-14 15:10:59:1058] [32m[restartedMain][0;39m [34mINFO [0;39m [1;37m[org.springframework.boot.StartupInfoLogger.logStarting:[33m55[0;39m][0;39m - Starting httpTestApplication using Java 11.0.11 on juwonui-MacBookPro-2.local with PID 21910 (/Users/juwon/IdeaProjects/teamMVP/out/production/classes started by juwon in /Users/juwon/IdeaProjects/teamMVP)
[2022-08-14 15:10:59:1061] [32m[restartedMain][0;39m [34mINFO [0;39m [1;37m[org.springframework.boot.SpringApplication.logStartupProfileInfo:[33m640[0;39m][0;39m - The following 2 profiles are active: "secure", "prod"
[2022-08-14 15:10:59:1080] [32m[background-preinit][0;39m [34mINFO [0;39m [1;37m[org.hibernate.validator.internal.util.Version.<clinit>:[33m21[0;39m][0;39m - HV000001: Hibernate Validator 6.2.3.Final
[2022-08-14 15:10:59:1119] [32m[restartedMain][0;39m [34mINFO [0;39m [1;37m[org.springframework.boot.logging.DeferredLog.logTo:[33m255[0;39m][0;39m - Devtools property defaults active! Set 'spring.devtools.add-properties' to 'false' to disable
[2022-08-14 15:10:59:1121] [32m[restartedMain][0;39m [34mINFO [0;39m [1;37m[org.springframework.boot.logging.DeferredLog.logTo:[33m255[0;39m][0;39m - For additional web related logging consider setting the 'logging.level.web' property to 'DEBUG'
[2022-08-14 15:11:00:2224] [32m[restartedMain][0;39m [34mINFO [0;39m [1;37m[org.springframework.data.repository.config.RepositoryConfigurationDelegate.registerRepositoriesIn:[33m132[0;39m][0;39m - Bootstrapping Spring Data JPA repositories in DEFAULT mode.
[2022-08-14 15:11:00:2251] [32m[restartedMain][0;39m [34mINFO [0;39m [1;37m[org.springframework.data.repository.config.RepositoryConfigurationDelegate.registerRepositoriesIn:[33m201[0;39m][0;39m - Finished Spring Data repository scanning in 18 ms. Found 0 JPA repository interfaces.
[2022-08-14 15:11:01:3384] [32m[restartedMain][0;39m [34mINFO [0;39m [1;37m[org.springframework.boot.web.embedded.tomcat.TomcatWebServer.initialize:[33m108[0;39m][0;39m - Tomcat initialized with port(s): 8080 (http)
[2022-08-14 15:11:01:3392] [32m[restartedMain][0;39m [34mINFO [0;39m [1;37m[org.apache.juli.logging.DirectJDKLog.log:[33m173[0;39m][0;39m - Initializing ProtocolHandler ["http-nio-8080"]
[2022-08-14 15:11:01:3392] [32m[restartedMain][0;39m [34mINFO [0;39m [1;37m[org.apache.juli.logging.DirectJDKLog.log:[33m173[0;39m][0;39m - Starting service [Tomcat]
[2022-08-14 15:11:01:3393] [32m[restartedMain][0;39m [34mINFO [0;39m [1;37m[org.apache.juli.logging.DirectJDKLog.log:[33m173[0;39m][0;39m - Starting Servlet engine: [Apache Tomcat/9.0.64]
[2022-08-14 15:11:01:3487] [32m[restartedMain][0;39m [34mINFO [0;39m [1;37m[org.apache.juli.logging.DirectJDKLog.log:[33m173[0;39m][0;39m - Initializing Spring embedded WebApplicationContext
[2022-08-14 15:11:01:3488] [32m[restartedMain][0;39m [34mINFO [0;39m [1;37m[org.springframework.boot.web.servlet.context.ServletWebServerApplicationContext.prepareWebApplicationContext:[33m292[0;39m][0;39m - Root WebApplicationContext: initialization completed in 2367 ms
[2022-08-14 15:11:02:3615] [32m[restartedMain][0;39m [34mINFO [0;39m [1;37m[com.zaxxer.hikari.HikariDataSource.getConnection:[33m110[0;39m][0;39m - HikariPool-1 - Starting...
[2022-08-14 15:11:02:3753] [32m[restartedMain][0;39m [34mINFO [0;39m [1;37m[com.zaxxer.hikari.HikariDataSource.getConnection:[33m123[0;39m][0;39m - HikariPool-1 - Start completed.
[2022-08-14 15:11:02:3768] [32m[restartedMain][0;39m [34mINFO [0;39m [1;37m[org.springframework.boot.autoconfigure.h2.H2ConsoleAutoConfiguration.logDataSources:[33m87[0;39m][0;39m - H2 console available at '/h2-console'. Database available at 'jdbc:h2:mem:8b1e9961-697f-4496-b6fd-9d212bdff718'
[2022-08-14 15:11:02:3933] [32m[restartedMain][0;39m [34mINFO [0;39m [1;37m[org.hibernate.jpa.internal.util.LogHelper.logPersistenceUnitInformation:[33m31[0;39m][0;39m - HHH000204: Processing PersistenceUnitInfo [name: default]
[2022-08-14 15:11:02:3964] [32m[restartedMain][0;39m [34mINFO [0;39m [1;37m[org.hibernate.Version.logVersion:[33m44[0;39m][0;39m - HHH000412: Hibernate ORM core version 5.6.9.Final
[2022-08-14 15:11:02:4093] [32m[restartedMain][0;39m [34mINFO [0;39m [1;37m[org.hibernate.annotations.common.reflection.java.JavaReflectionManager.<clinit>:[33m56[0;39m][0;39m - HCANN000001: Hibernate Commons Annotations {5.1.2.Final}
[2022-08-14 15:11:02:4155] [32m[restartedMain][0;39m [34mINFO [0;39m [1;37m[org.hibernate.dialect.Dialect.<init>:[33m175[0;39m][0;39m - HHH000400: Using dialect: org.hibernate.dialect.H2Dialect
[2022-08-14 15:11:03:4537] [32m[restartedMain][0;39m [34mINFO [0;39m [1;37m[com.p6spy.engine.spy.appender.Slf4JLogger.logSQL:[33m60[0;39m][0;39m - #1660457463034 | took 1ms | statement | connection 2| url jdbc:h2:mem:8b1e9961-697f-4496-b6fd-9d212bdff718
drop table if exists member CASCADE 
drop table if exists member CASCADE ;
[2022-08-14 15:11:03:4538] [32m[restartedMain][0;39m [34mINFO [0;39m [1;37m[com.p6spy.engine.spy.appender.Slf4JLogger.logSQL:[33m60[0;39m][0;39m - #1660457463035 | took 0ms | statement | connection 2| url jdbc:h2:mem:8b1e9961-697f-4496-b6fd-9d212bdff718
drop sequence if exists hibernate_sequence
drop sequence if exists hibernate_sequence;
[2022-08-14 15:11:03:4541] [32m[restartedMain][0;39m [34mINFO [0;39m [1;37m[com.p6spy.engine.spy.appender.Slf4JLogger.logSQL:[33m60[0;39m][0;39m - #1660457463038 | took 1ms | statement | connection 3| url jdbc:h2:mem:8b1e9961-697f-4496-b6fd-9d212bdff718
create sequence hibernate_sequence start with 1 increment by 1
create sequence hibernate_sequence start with 1 increment by 1;
[2022-08-14 15:11:03:4548] [32m[restartedMain][0;39m [34mINFO [0;39m [1;37m[com.p6spy.engine.spy.appender.Slf4JLogger.logSQL:[33m60[0;39m][0;39m - #1660457463045 | took 4ms | statement | connection 3| url jdbc:h2:mem:8b1e9961-697f-4496-b6fd-9d212bdff718
create table member (id bigint not null, address varchar(255), disabled_number varchar(255), email varchar(255), password varchar(255), phone_number varchar(255), user_id varchar(255), user_name varchar(255), primary key (id))
create table member (id bigint not null, address varchar(255), disabled_number varchar(255), email varchar(255), password varchar(255), phone_number varchar(255), user_id varchar(255), user_name varchar(255), primary key (id));
[2022-08-14 15:11:03:4549] [32m[restartedMain][0;39m [34mINFO [0;39m [1;37m[org.hibernate.engine.transaction.jta.platform.internal.JtaPlatformInitiator.initiateService:[33m52[0;39m][0;39m - HHH000490: Using JtaPlatform implementation: [org.hibernate.engine.transaction.jta.platform.internal.NoJtaPlatform]
[2022-08-14 15:11:03:4554] [32m[restartedMain][0;39m [34mINFO [0;39m [1;37m[org.springframework.orm.jpa.AbstractEntityManagerFactoryBean.buildNativeEntityManagerFactory:[33m437[0;39m][0;39m - Initialized JPA EntityManagerFactory for persistence unit 'default'
[2022-08-14 15:11:04:6118] [32m[restartedMain][0;39m [34mINFO [0;39m [1;37m[org.apache.juli.logging.DirectJDKLog.log:[33m173[0;39m][0;39m - Starting ProtocolHandler ["http-nio-8080"]
[2022-08-14 15:11:04:6138] [32m[restartedMain][0;39m [34mINFO [0;39m [1;37m[org.springframework.orm.jpa.AbstractEntityManagerFactoryBean.destroy:[33m651[0;39m][0;39m - Closing JPA EntityManagerFactory for persistence unit 'default'
[2022-08-14 15:11:04:6361] [32m[restartedMain][0;39m [34mINFO [0;39m [1;37m[com.p6spy.engine.spy.appender.Slf4JLogger.logSQL:[33m60[0;39m][0;39m - 22.08.14 15:11:04 | OperationTime : 207ms|
HeFormatSql(P6Spy sql,Hibernate format):
    SHUTDOWN
[2022-08-14 15:11:04:6367] [32m[restartedMain][0;39m [34mINFO [0;39m [1;37m[com.zaxxer.hikari.HikariDataSource.close:[33m350[0;39m][0;39m - HikariPool-1 - Shutdown initiated...
[2022-08-14 15:11:04:6377] [32m[restartedMain][0;39m [34mINFO [0;39m [1;37m[com.zaxxer.hikari.HikariDataSource.close:[33m352[0;39m][0;39m - HikariPool-1 - Shutdown completed.
[2022-08-14 15:11:04:6381] [32m[restartedMain][0;39m [34mINFO [0;39m [1;37m[org.apache.juli.logging.DirectJDKLog.log:[33m173[0;39m][0;39m - Pausing ProtocolHandler ["http-nio-8080"]
[2022-08-14 15:11:04:6382] [32m[restartedMain][0;39m [34mINFO [0;39m [1;37m[org.apache.juli.logging.DirectJDKLog.log:[33m173[0;39m][0;39m - Stopping service [Tomcat]
[2022-08-14 15:11:04:6387] [32m[restartedMain][0;39m [34mINFO [0;39m [1;37m[org.apache.juli.logging.DirectJDKLog.log:[33m173[0;39m][0;39m - Stopping ProtocolHandler ["http-nio-8080"]
[2022-08-14 15:11:04:6387] [32m[restartedMain][0;39m [34mINFO [0;39m [1;37m[org.apache.juli.logging.DirectJDKLog.log:[33m173[0;39m][0;39m - Destroying ProtocolHandler ["http-nio-8080"]
[2022-08-14 15:11:04:6404] [32m[restartedMain][0;39m [34mINFO [0;39m [1;37m[org.springframework.boot.autoconfigure.logging.ConditionEvaluationReportLoggingListener.logMessage:[33m136[0;39m][0;39m - 

Error starting ApplicationContext. To display the conditions report re-run your application with 'debug' enabled.
[2022-08-14 15:17:52:45086342] [32m[Thread-15][0;39m [34mINFO [0;39m [1;37m[org.springframework.orm.jpa.AbstractEntityManagerFactoryBean.destroy:[33m651[0;39m][0;39m - Closing JPA EntityManagerFactory for persistence unit 'default'
[2022-08-14 15:17:52:45086596] [32m[Thread-15][0;39m [34mINFO [0;39m [1;37m[com.p6spy.engine.spy.appender.Slf4JLogger.logSQL:[33m60[0;39m][0;39m - 22.08.14 15:17:52 | OperationTime : 210ms|
HeFormatSql(P6Spy sql,Hibernate format):
    SHUTDOWN
[2022-08-14 15:17:52:45086599] [32m[Thread-15][0;39m [34mINFO [0;39m [1;37m[com.zaxxer.hikari.HikariDataSource.close:[33m350[0;39m][0;39m - HikariPool-4 - Shutdown initiated...
[2022-08-14 15:17:52:45086626] [32m[Thread-15][0;39m [34mINFO [0;39m [1;37m[com.zaxxer.hikari.HikariDataSource.close:[33m352[0;39m][0;39m - HikariPool-4 - Shutdown completed.
[2022-08-14 15:17:52:45087277] [32m[restartedMain][0;39m [34mINFO [0;39m [1;37m[org.springframework.boot.StartupInfoLogger.logStarting:[33m55[0;39m][0;39m - Starting httpTestApplication using Java 11.0.11 on juwonui-MacBookPro-2.local with PID 44767 (/Users/juwon/IdeaProjects/teamMVP/out/production/classes started by juwon in /Users/juwon/IdeaProjects/teamMVP)
[2022-08-14 15:17:52:45087280] [32m[restartedMain][0;39m [34mINFO [0;39m [1;37m[org.springframework.boot.SpringApplication.logStartupProfileInfo:[33m640[0;39m][0;39m - The following 2 profiles are active: "secure", "prod"
[2022-08-14 15:17:53:45087632] [32m[restartedMain][0;39m [34mINFO [0;39m [1;37m[org.springframework.data.repository.config.RepositoryConfigurationDelegate.registerRepositoriesIn:[33m132[0;39m][0;39m - Bootstrapping Spring Data JPA repositories in DEFAULT mode.
[2022-08-14 15:17:53:45087648] [32m[restartedMain][0;39m [34mINFO [0;39m [1;37m[org.springframework.data.repository.config.RepositoryConfigurationDelegate.registerRepositoriesIn:[33m201[0;39m][0;39m - Finished Spring Data repository scanning in 10 ms. Found 0 JPA repository interfaces.
[2022-08-14 15:17:53:45087864] [32m[restartedMain][0;39m [34mINFO [0;39m [1;37m[org.springframework.boot.web.embedded.tomcat.TomcatWebServer.initialize:[33m108[0;39m][0;39m - Tomcat initialized with port(s): 8080 (http)
[2022-08-14 15:17:53:45087868] [32m[restartedMain][0;39m [34mINFO [0;39m [1;37m[org.apache.juli.logging.DirectJDKLog.log:[33m173[0;39m][0;39m - Initializing ProtocolHandler ["http-nio-8080"]
[2022-08-14 15:17:53:45087869] [32m[restartedMain][0;39m [34mINFO [0;39m [1;37m[org.apache.juli.logging.DirectJDKLog.log:[33m173[0;39m][0;39m - Starting service [Tomcat]
[2022-08-14 15:17:53:45087869] [32m[restartedMain][0;39m [34mINFO [0;39m [1;37m[org.apache.juli.logging.DirectJDKLog.log:[33m173[0;39m][0;39m - Starting Servlet engine: [Apache Tomcat/9.0.64]
[2022-08-14 15:17:53:45087932] [32m[restartedMain][0;39m [34mINFO [0;39m [1;37m[org.apache.juli.logging.DirectJDKLog.log:[33m173[0;39m][0;39m - Initializing Spring embedded WebApplicationContext
[2022-08-14 15:17:53:45087935] [32m[restartedMain][0;39m [34mINFO [0;39m [1;37m[org.springframework.boot.web.servlet.context.ServletWebServerApplicationContext.prepareWebApplicationContext:[33m292[0;39m][0;39m - Root WebApplicationContext: initialization completed in 646 ms
[2022-08-14 15:17:53:45088015] [32m[restartedMain][0;39m [34mINFO [0;39m [1;37m[com.zaxxer.hikari.HikariDataSource.getConnection:[33m110[0;39m][0;39m - HikariPool-5 - Starting...
[2022-08-14 15:17:53:45088036] [32m[restartedMain][0;39m [34mINFO [0;39m [1;37m[com.zaxxer.hikari.HikariDataSource.getConnection:[33m123[0;39m][0;39m - HikariPool-5 - Start completed.
[2022-08-14 15:17:53:45088036] [32m[restartedMain][0;39m [34mINFO [0;39m [1;37m[org.springframework.boot.autoconfigure.h2.H2ConsoleAutoConfiguration.logDataSources:[33m87[0;39m][0;39m - H2 console available at '/h2-console'. Database available at 'jdbc:h2:mem:860eb7bc-23b3-48fd-8baa-cd48afc0c163'
[2022-08-14 15:17:53:45088075] [32m[restartedMain][0;39m [34mINFO [0;39m [1;37m[org.hibernate.jpa.internal.util.LogHelper.logPersistenceUnitInformation:[33m31[0;39m][0;39m - HHH000204: Processing PersistenceUnitInfo [name: default]
[2022-08-14 15:17:53:45088082] [32m[restartedMain][0;39m [34mINFO [0;39m [1;37m[org.hibernate.dialect.Dialect.<init>:[33m175[0;39m][0;39m - HHH000400: Using dialect: org.hibernate.dialect.H2Dialect
[2022-08-14 15:17:53:45088201] [32m[restartedMain][0;39m [34mINFO [0;39m [1;37m[com.p6spy.engine.spy.appender.Slf4JLogger.logSQL:[33m60[0;39m][0;39m - #1660457873901 | took 0ms | statement | connection 22| url jdbc:h2:mem:860eb7bc-23b3-48fd-8baa-cd48afc0c163
drop table if exists member CASCADE 
drop table if exists member CASCADE ;
[2022-08-14 15:17:53:45088202] [32m[restartedMain][0;39m [34mINFO [0;39m [1;37m[com.p6spy.engine.spy.appender.Slf4JLogger.logSQL:[33m60[0;39m][0;39m - #1660457873902 | took 0ms | statement | connection 22| url jdbc:h2:mem:860eb7bc-23b3-48fd-8baa-cd48afc0c163
drop sequence if exists hibernate_sequence
drop sequence if exists hibernate_sequence;
[2022-08-14 15:17:53:45088202] [32m[restartedMain][0;39m [34mINFO [0;39m [1;37m[com.p6spy.engine.spy.appender.Slf4JLogger.logSQL:[33m60[0;39m][0;39m - #1660457873902 | took 0ms | statement | connection 23| url jdbc:h2:mem:860eb7bc-23b3-48fd-8baa-cd48afc0c163
create sequence hibernate_sequence start with 1 increment by 1
create sequence hibernate_sequence start with 1 increment by 1;
[2022-08-14 15:17:53:45088203] [32m[restartedMain][0;39m [34mINFO [0;39m [1;37m[com.p6spy.engine.spy.appender.Slf4JLogger.logSQL:[33m60[0;39m][0;39m - #1660457873903 | took 0ms | statement | connection 23| url jdbc:h2:mem:860eb7bc-23b3-48fd-8baa-cd48afc0c163
create table member (id bigint not null, address varchar(255), disabled_number varchar(255), email varchar(255), password varchar(255), phone_number varchar(255), user_id varchar(255), user_name varchar(255), primary key (id))
create table member (id bigint not null, address varchar(255), disabled_number varchar(255), email varchar(255), password varchar(255), phone_number varchar(255), user_id varchar(255), user_name varchar(255), primary key (id));
[2022-08-14 15:17:53:45088204] [32m[restartedMain][0;39m [34mINFO [0;39m [1;37m[org.hibernate.engine.transaction.jta.platform.internal.JtaPlatformInitiator.initiateService:[33m52[0;39m][0;39m - HHH000490: Using JtaPlatform implementation: [org.hibernate.engine.transaction.jta.platform.internal.NoJtaPlatform]
[2022-08-14 15:17:53:45088205] [32m[restartedMain][0;39m [34mINFO [0;39m [1;37m[org.springframework.orm.jpa.AbstractEntityManagerFactoryBean.buildNativeEntityManagerFactory:[33m437[0;39m][0;39m - Initialized JPA EntityManagerFactory for persistence unit 'default'
[2022-08-14 15:17:53:45088223] [32m[restartedMain][0;39m [34mINFO [0;39m [1;37m[org.springframework.orm.jpa.AbstractEntityManagerFactoryBean.destroy:[33m651[0;39m][0;39m - Closing JPA EntityManagerFactory for persistence unit 'default'
[2022-08-14 15:17:54:45088450] [32m[restartedMain][0;39m [34mINFO [0;39m [1;37m[com.p6spy.engine.spy.appender.Slf4JLogger.logSQL:[33m60[0;39m][0;39m - 22.08.14 15:17:54 | OperationTime : 202ms|
HeFormatSql(P6Spy sql,Hibernate format):
    SHUTDOWN
[2022-08-14 15:17:54:45088451] [32m[restartedMain][0;39m [34mINFO [0;39m [1;37m[com.zaxxer.hikari.HikariDataSource.close:[33m350[0;39m][0;39m - HikariPool-5 - Shutdown initiated...
[2022-08-14 15:17:54:45088470] [32m[restartedMain][0;39m [34mINFO [0;39m [1;37m[com.zaxxer.hikari.HikariDataSource.close:[33m352[0;39m][0;39m - HikariPool-5 - Shutdown completed.
[2022-08-14 15:17:54:45088472] [32m[restartedMain][0;39m [34mINFO [0;39m [1;37m[org.apache.juli.logging.DirectJDKLog.log:[33m173[0;39m][0;39m - Stopping service [Tomcat]
[2022-08-14 15:17:54:45088480] [32m[restartedMain][0;39m [34mINFO [0;39m [1;37m[org.springframework.boot.autoconfigure.logging.ConditionEvaluationReportLoggingListener.logMessage:[33m136[0;39m][0;39m - 

Error starting ApplicationContext. To display the conditions report re-run your application with 'debug' enabled.
[2022-08-14 15:17:55:45090023] [32m[restartedMain][0;39m [34mINFO [0;39m [1;37m[org.springframework.boot.StartupInfoLogger.logStarting:[33m55[0;39m][0;39m - Starting httpTestApplication using Java 11.0.11 on juwonui-MacBookPro-2.local with PID 44767 (/Users/juwon/IdeaProjects/teamMVP/out/production/classes started by juwon in /Users/juwon/IdeaProjects/teamMVP)
[2022-08-14 15:17:55:45090023] [32m[restartedMain][0;39m [34mINFO [0;39m [1;37m[org.springframework.boot.SpringApplication.logStartupProfileInfo:[33m640[0;39m][0;39m - The following 2 profiles are active: "secure", "prod"
[2022-08-14 15:17:55:45090259] [32m[restartedMain][0;39m [34mINFO [0;39m [1;37m[org.springframework.data.repository.config.RepositoryConfigurationDelegate.registerRepositoriesIn:[33m132[0;39m][0;39m - Bootstrapping Spring Data JPA repositories in DEFAULT mode.
[2022-08-14 15:17:55:45090272] [32m[restartedMain][0;39m [34mINFO [0;39m [1;37m[org.springframework.data.repository.config.RepositoryConfigurationDelegate.registerRepositoriesIn:[33m201[0;39m][0;39m - Finished Spring Data repository scanning in 9 ms. Found 0 JPA repository interfaces.
[2022-08-14 15:17:56:45090425] [32m[restartedMain][0;39m [34mINFO [0;39m [1;37m[org.springframework.boot.web.embedded.tomcat.TomcatWebServer.initialize:[33m108[0;39m][0;39m - Tomcat initialized with port(s): 8080 (http)
[2022-08-14 15:17:56:45090428] [32m[restartedMain][0;39m [34mINFO [0;39m [1;37m[org.apache.juli.logging.DirectJDKLog.log:[33m173[0;39m][0;39m - Initializing ProtocolHandler ["http-nio-8080"]
[2022-08-14 15:17:56:45090428] [32m[restartedMain][0;39m [34mINFO [0;39m [1;37m[org.apache.juli.logging.DirectJDKLog.log:[33m173[0;39m][0;39m - Starting service [Tomcat]
[2022-08-14 15:17:56:45090428] [32m[restartedMain][0;39m [34mINFO [0;39m [1;37m[org.apache.juli.logging.DirectJDKLog.log:[33m173[0;39m][0;39m - Starting Servlet engine: [Apache Tomcat/9.0.64]
[2022-08-14 15:17:56:45090491] [32m[restartedMain][0;39m [34mINFO [0;39m [1;37m[org.apache.juli.logging.DirectJDKLog.log:[33m173[0;39m][0;39m - Initializing Spring embedded WebApplicationContext
[2022-08-14 15:17:56:45090494] [32m[restartedMain][0;39m [34mINFO [0;39m [1;37m[org.springframework.boot.web.servlet.context.ServletWebServerApplicationContext.prepareWebApplicationContext:[33m292[0;39m][0;39m - Root WebApplicationContext: initialization completed in 468 ms
[2022-08-14 15:17:56:45090563] [32m[restartedMain][0;39m [34mINFO [0;39m [1;37m[com.zaxxer.hikari.HikariDataSource.getConnection:[33m110[0;39m][0;39m - HikariPool-6 - Starting...
[2022-08-14 15:17:56:45090579] [32m[restartedMain][0;39m [34mINFO [0;39m [1;37m[com.zaxxer.hikari.HikariDataSource.getConnection:[33m123[0;39m][0;39m - HikariPool-6 - Start completed.
[2022-08-14 15:17:56:45090579] [32m[restartedMain][0;39m [34mINFO [0;39m [1;37m[org.springframework.boot.autoconfigure.h2.H2ConsoleAutoConfiguration.logDataSources:[33m87[0;39m][0;39m - H2 console available at '/h2-console'. Database available at 'jdbc:h2:mem:73e9b4a3-027d-4b51-a835-3425be6dc10d'
[2022-08-14 15:17:56:45090613] [32m[restartedMain][0;39m [34mINFO [0;39m [1;37m[org.hibernate.jpa.internal.util.LogHelper.logPersistenceUnitInformation:[33m31[0;39m][0;39m - HHH000204: Processing PersistenceUnitInfo [name: default]
[2022-08-14 15:17:56:45090620] [32m[restartedMain][0;39m [34mINFO [0;39m [1;37m[org.hibernate.dialect.Dialect.<init>:[33m175[0;39m][0;39m - HHH000400: Using dialect: org.hibernate.dialect.H2Dialect
[2022-08-14 15:17:56:45090681] [32m[restartedMain][0;39m [34mINFO [0;39m [1;37m[com.p6spy.engine.spy.appender.Slf4JLogger.logSQL:[33m60[0;39m][0;39m - #1660457876380 | took 0ms | statement | connection 27| url jdbc:h2:mem:73e9b4a3-027d-4b51-a835-3425be6dc10d
drop table if exists member CASCADE 
drop table if exists member CASCADE ;
[2022-08-14 15:17:56:45090681] [32m[restartedMain][0;39m [34mINFO [0;39m [1;37m[com.p6spy.engine.spy.appender.Slf4JLogger.logSQL:[33m60[0;39m][0;39m - #1660457876381 | took 0ms | statement | connection 27| url jdbc:h2:mem:73e9b4a3-027d-4b51-a835-3425be6dc10d
drop sequence if exists hibernate_sequence
drop sequence if exists hibernate_sequence;
[2022-08-14 15:17:56:45090687] [32m[restartedMain][0;39m [34mINFO [0;39m [1;37m[com.p6spy.engine.spy.appender.Slf4JLogger.logSQL:[33m60[0;39m][0;39m - #1660457876387 | took 4ms | statement | connection 28| url jdbc:h2:mem:73e9b4a3-027d-4b51-a835-3425be6dc10d
create sequence hibernate_sequence start with 1 increment by 1
create sequence hibernate_sequence start with 1 increment by 1;
[2022-08-14 15:17:56:45090689] [32m[restartedMain][0;39m [34mINFO [0;39m [1;37m[com.p6spy.engine.spy.appender.Slf4JLogger.logSQL:[33m60[0;39m][0;39m - #1660457876389 | took 1ms | statement | connection 28| url jdbc:h2:mem:73e9b4a3-027d-4b51-a835-3425be6dc10d
create table member (id bigint not null, address varchar(255), disabled_number varchar(255), email varchar(255), password varchar(255), phone_number varchar(255), user_id varchar(255), user_name varchar(255), primary key (id))
create table member (id bigint not null, address varchar(255), disabled_number varchar(255), email varchar(255), password varchar(255), phone_number varchar(255), user_id varchar(255), user_name varchar(255), primary key (id));
[2022-08-14 15:17:56:45090690] [32m[restartedMain][0;39m [34mINFO [0;39m [1;37m[org.hibernate.engine.transaction.jta.platform.internal.JtaPlatformInitiator.initiateService:[33m52[0;39m][0;39m - HHH000490: Using JtaPlatform implementation: [org.hibernate.engine.transaction.jta.platform.internal.NoJtaPlatform]
[2022-08-14 15:17:56:45090690] [32m[restartedMain][0;39m [34mINFO [0;39m [1;37m[org.springframework.orm.jpa.AbstractEntityManagerFactoryBean.buildNativeEntityManagerFactory:[33m437[0;39m][0;39m - Initialized JPA EntityManagerFactory for persistence unit 'default'
[2022-08-14 15:17:57:45091574] [32m[restartedMain][0;39m [34mINFO [0;39m [1;37m[org.springframework.boot.devtools.autoconfigure.OptionalLiveReloadServer.startServer:[33m58[0;39m][0;39m - LiveReload server is running on port 35729
[2022-08-14 15:17:57:45091585] [32m[restartedMain][0;39m [34mINFO [0;39m [1;37m[org.apache.juli.logging.DirectJDKLog.log:[33m173[0;39m][0;39m - Starting ProtocolHandler ["http-nio-8080"]
[2022-08-14 15:17:57:45091590] [32m[restartedMain][0;39m [34mINFO [0;39m [1;37m[org.springframework.boot.web.embedded.tomcat.TomcatWebServer.start:[33m220[0;39m][0;39m - Tomcat started on port(s): 8080 (http) with context path ''
[2022-08-14 15:17:57:45091595] [32m[restartedMain][0;39m [34mINFO [0;39m [1;37m[org.springframework.boot.StartupInfoLogger.logStarted:[33m61[0;39m][0;39m - Started httpTestApplication in 1.666 seconds (JVM running for 45092.327)
[2022-08-14 15:17:57:45091597] [32m[restartedMain][0;39m [34mINFO [0;39m [1;37m[org.springframework.boot.devtools.autoconfigure.ConditionEvaluationDeltaLoggingListener.onApplicationEvent:[33m63[0;39m][0;39m - Condition evaluation unchanged
[2022-08-14 22:38:24:71518993] [32m[Thread-19][0;39m [34mINFO [0;39m [1;37m[org.springframework.orm.jpa.AbstractEntityManagerFactoryBean.destroy:[33m651[0;39m][0;39m - Closing JPA EntityManagerFactory for persistence unit 'default'
[2022-08-14 22:38:25:71519327] [32m[Thread-19][0;39m [34mINFO [0;39m [1;37m[com.p6spy.engine.spy.appender.Slf4JLogger.logSQL:[33m60[0;39m][0;39m - 22.08.14 22:38:25 | OperationTime : 213ms|
HeFormatSql(P6Spy sql,Hibernate format):
    SHUTDOWN
[2022-08-14 22:38:25:71519330] [32m[Thread-19][0;39m [34mINFO [0;39m [1;37m[com.zaxxer.hikari.HikariDataSource.close:[33m350[0;39m][0;39m - HikariPool-6 - Shutdown initiated...
[2022-08-14 22:38:25:71519345] [32m[Thread-19][0;39m [34mINFO [0;39m [1;37m[com.zaxxer.hikari.HikariDataSource.close:[33m352[0;39m][0;39m - HikariPool-6 - Shutdown completed.
[2022-08-14 22:38:27:71521620] [32m[restartedMain][0;39m [34mINFO [0;39m [1;37m[org.springframework.boot.StartupInfoLogger.logStarting:[33m55[0;39m][0;39m - Starting httpTestApplication using Java 11.0.11 on juwonui-MacBookPro-2.local with PID 44767 (/Users/juwon/IdeaProjects/teamMVP/out/production/classes started by juwon in /Users/juwon/IdeaProjects/teamMVP)
[2022-08-14 22:38:27:71521622] [32m[restartedMain][0;39m [34mINFO [0;39m [1;37m[org.springframework.boot.SpringApplication.logStartupProfileInfo:[33m640[0;39m][0;39m - The following 2 profiles are active: "secure", "prod"
[2022-08-14 22:38:27:71522245] [32m[restartedMain][0;39m [34mINFO [0;39m [1;37m[org.springframework.data.repository.config.RepositoryConfigurationDelegate.registerRepositoriesIn:[33m132[0;39m][0;39m - Bootstrapping Spring Data JPA repositories in DEFAULT mode.
[2022-08-14 22:38:27:71522256] [32m[restartedMain][0;39m [34mINFO [0;39m [1;37m[org.springframework.data.repository.config.RepositoryConfigurationDelegate.registerRepositoriesIn:[33m201[0;39m][0;39m - Finished Spring Data repository scanning in 6 ms. Found 0 JPA repository interfaces.
[2022-08-14 22:38:28:71522624] [32m[restartedMain][0;39m [34mINFO [0;39m [1;37m[org.springframework.boot.web.embedded.tomcat.TomcatWebServer.initialize:[33m108[0;39m][0;39m - Tomcat initialized with port(s): 8080 (http)
[2022-08-14 22:38:28:71522636] [32m[restartedMain][0;39m [34mINFO [0;39m [1;37m[org.apache.juli.logging.DirectJDKLog.log:[33m173[0;39m][0;39m - Initializing ProtocolHandler ["http-nio-8080"]
[2022-08-14 22:38:28:71522636] [32m[restartedMain][0;39m [34mINFO [0;39m [1;37m[org.apache.juli.logging.DirectJDKLog.log:[33m173[0;39m][0;39m - Starting service [Tomcat]
[2022-08-14 22:38:28:71522637] [32m[restartedMain][0;39m [34mINFO [0;39m [1;37m[org.apache.juli.logging.DirectJDKLog.log:[33m173[0;39m][0;39m - Starting Servlet engine: [Apache Tomcat/9.0.64]
[2022-08-14 22:38:28:71522652] [32m[restartedMain][0;39m [34mINFO [0;39m [1;37m[org.apache.juli.logging.DirectJDKLog.log:[33m173[0;39m][0;39m - Initializing Spring embedded WebApplicationContext
[2022-08-14 22:38:28:71522652] [32m[restartedMain][0;39m [34mINFO [0;39m [1;37m[org.springframework.boot.web.servlet.context.ServletWebServerApplicationContext.prepareWebApplicationContext:[33m292[0;39m][0;39m - Root WebApplicationContext: initialization completed in 1018 ms
[2022-08-14 22:38:28:71522686] [32m[restartedMain][0;39m [34mINFO [0;39m [1;37m[com.zaxxer.hikari.HikariDataSource.getConnection:[33m110[0;39m][0;39m - HikariPool-7 - Starting...
[2022-08-14 22:38:28:71522711] [32m[restartedMain][0;39m [34mINFO [0;39m [1;37m[com.zaxxer.hikari.HikariDataSource.getConnection:[33m123[0;39m][0;39m - HikariPool-7 - Start completed.
[2022-08-14 22:38:28:71522712] [32m[restartedMain][0;39m [34mINFO [0;39m [1;37m[org.springframework.boot.autoconfigure.h2.H2ConsoleAutoConfiguration.logDataSources:[33m87[0;39m][0;39m - H2 console available at '/h2-console'. Database available at 'jdbc:h2:mem:887c2199-4476-4be9-886d-a5b203898be0'
[2022-08-14 22:38:28:71522747] [32m[restartedMain][0;39m [34mINFO [0;39m [1;37m[org.hibernate.jpa.internal.util.LogHelper.logPersistenceUnitInformation:[33m31[0;39m][0;39m - HHH000204: Processing PersistenceUnitInfo [name: default]
[2022-08-14 22:38:28:71522754] [32m[restartedMain][0;39m [34mINFO [0;39m [1;37m[org.hibernate.dialect.Dialect.<init>:[33m175[0;39m][0;39m - HHH000400: Using dialect: org.hibernate.dialect.H2Dialect
[2022-08-14 22:38:28:71522908] [32m[restartedMain][0;39m [34mINFO [0;39m [1;37m[com.p6spy.engine.spy.appender.Slf4JLogger.logSQL:[33m60[0;39m][0;39m - #1660484308608 | took 0ms | statement | connection 32| url jdbc:h2:mem:887c2199-4476-4be9-886d-a5b203898be0
drop table if exists member CASCADE 
drop table if exists member CASCADE ;
[2022-08-14 22:38:28:71522909] [32m[restartedMain][0;39m [34mINFO [0;39m [1;37m[com.p6spy.engine.spy.appender.Slf4JLogger.logSQL:[33m60[0;39m][0;39m - #1660484308609 | took 0ms | statement | connection 32| url jdbc:h2:mem:887c2199-4476-4be9-886d-a5b203898be0
drop sequence if exists hibernate_sequence
drop sequence if exists hibernate_sequence;
[2022-08-14 22:38:28:71522912] [32m[restartedMain][0;39m [34mINFO [0;39m [1;37m[com.p6spy.engine.spy.appender.Slf4JLogger.logSQL:[33m60[0;39m][0;39m - #1660484308612 | took 2ms | statement | connection 33| url jdbc:h2:mem:887c2199-4476-4be9-886d-a5b203898be0
create sequence hibernate_sequence start with 1 increment by 1
create sequence hibernate_sequence start with 1 increment by 1;
[2022-08-14 22:38:28:71522913] [32m[restartedMain][0;39m [34mINFO [0;39m [1;37m[com.p6spy.engine.spy.appender.Slf4JLogger.logSQL:[33m60[0;39m][0;39m - #1660484308613 | took 0ms | statement | connection 33| url jdbc:h2:mem:887c2199-4476-4be9-886d-a5b203898be0
create table member (id bigint not null, address varchar(255), disabled_number varchar(255), email varchar(255), password varchar(255), phone_number varchar(255), user_id varchar(255), user_name varchar(255), primary key (id))
create table member (id bigint not null, address varchar(255), disabled_number varchar(255), email varchar(255), password varchar(255), phone_number varchar(255), user_id varchar(255), user_name varchar(255), primary key (id));
[2022-08-14 22:38:28:71522915] [32m[restartedMain][0;39m [34mINFO [0;39m [1;37m[org.hibernate.engine.transaction.jta.platform.internal.JtaPlatformInitiator.initiateService:[33m52[0;39m][0;39m - HHH000490: Using JtaPlatform implementation: [org.hibernate.engine.transaction.jta.platform.internal.NoJtaPlatform]
[2022-08-14 22:38:28:71522916] [32m[restartedMain][0;39m [34mINFO [0;39m [1;37m[org.springframework.orm.jpa.AbstractEntityManagerFactoryBean.buildNativeEntityManagerFactory:[33m437[0;39m][0;39m - Initialized JPA EntityManagerFactory for persistence unit 'default'
[2022-08-14 22:38:30:71524324] [32m[restartedMain][0;39m [34mINFO [0;39m [1;37m[org.springframework.boot.devtools.autoconfigure.OptionalLiveReloadServer.startServer:[33m58[0;39m][0;39m - LiveReload server is running on port 35729
[2022-08-14 22:38:30:71524340] [32m[restartedMain][0;39m [34mINFO [0;39m [1;37m[org.apache.juli.logging.DirectJDKLog.log:[33m173[0;39m][0;39m - Starting ProtocolHandler ["http-nio-8080"]
[2022-08-14 22:38:30:71524347] [32m[restartedMain][0;39m [34mINFO [0;39m [1;37m[org.springframework.boot.web.embedded.tomcat.TomcatWebServer.start:[33m220[0;39m][0;39m - Tomcat started on port(s): 8080 (http) with context path ''
[2022-08-14 22:38:30:71524361] [32m[restartedMain][0;39m [34mINFO [0;39m [1;37m[org.springframework.boot.StartupInfoLogger.logStarted:[33m61[0;39m][0;39m - Started httpTestApplication in 3.15 seconds (JVM running for 70086.303)
[2022-08-14 22:38:30:71524365] [32m[restartedMain][0;39m [34mINFO [0;39m [1;37m[org.springframework.boot.devtools.autoconfigure.ConditionEvaluationDeltaLoggingListener.onApplicationEvent:[33m63[0;39m][0;39m - Condition evaluation unchanged
